<?xml version="1.0" encoding="UTF-8"?>
<testng-results ignored="0" total="181" passed="181" failed="0" skipped="0">
  <reporter-output>
  </reporter-output>
  <suite started-at="2022-06-13T17:29:40 MSK" name="Command line suite" finished-at="2022-06-13T17:29:40 MSK" duration-ms="121">
    <groups>
    </groups>
    <test started-at="2022-06-13T17:29:40 MSK" name="Command line test" finished-at="2022-06-13T17:29:40 MSK" duration-ms="121">
      <class name="animalHouseTest.FieldTest">
        <test-method is-config="true" signature="beforeTest()[pri:0, instance:animalHouseTest.FieldTest@3246fb96]" started-at="2022-06-13T17:29:40 MSK" name="beforeTest" finished-at="2022-06-13T17:29:40 MSK" duration-ms="0" status="PASS">
          <reporter-output>
          </reporter-output>
        </test-method> <!-- beforeTest -->
        <test-method signature="climateZoneTest()[pri:0, instance:animalHouseTest.FieldTest@3246fb96]" started-at="2022-06-13T17:29:40 MSK" name="climateZoneTest" finished-at="2022-06-13T17:29:40 MSK" duration-ms="0" status="PASS">
          <exception class="com.epam.rd.tasks.zoo.exception.BadClimateException">
            <message>
              <![CDATA[Cant change climate zone in cage Field for Eleph cause another animal still living here!]]>
            </message>
            <full-stacktrace>
              <![CDATA[com.epam.rd.tasks.zoo.exception.BadClimateException: Cant change climate zone in cage Field for Eleph cause another animal still living here!
at com.epam.rd.tasks.zoo.animalhouse.AnimalHouse.setClimateZone(AnimalHouse.java:83)
at animalHouseTest.FieldTest.climateZoneTest(FieldTest.java:68)
at java.base/jdk.internal.reflect.NativeMethodAccessorImpl.invoke0(Native Method)
at java.base/jdk.internal.reflect.NativeMethodAccessorImpl.invoke(NativeMethodAccessorImpl.java:62)
at java.base/jdk.internal.reflect.DelegatingMethodAccessorImpl.invoke(DelegatingMethodAccessorImpl.java:43)
at java.base/java.lang.reflect.Method.invoke(Method.java:566)
at org.testng.internal.invokers.MethodInvocationHelper.invokeMethod(MethodInvocationHelper.java:135)
at org.testng.internal.invokers.TestInvoker.invokeMethod(TestInvoker.java:673)
at org.testng.internal.invokers.TestInvoker.invokeTestMethod(TestInvoker.java:220)
at org.testng.internal.invokers.MethodRunner.runInSequence(MethodRunner.java:50)
at org.testng.internal.invokers.TestInvoker$MethodInvocationAgent.invoke(TestInvoker.java:945)
at org.testng.internal.invokers.TestInvoker.invokeTestMethods(TestInvoker.java:193)
at org.testng.internal.invokers.TestMethodWorker.invokeTestMethods(TestMethodWorker.java:146)
at org.testng.internal.invokers.TestMethodWorker.run(TestMethodWorker.java:128)
at java.base/java.util.ArrayList.forEach(ArrayList.java:1541)
at org.testng.TestRunner.privateRun(TestRunner.java:808)
at org.testng.TestRunner.run(TestRunner.java:603)
at org.testng.SuiteRunner.runTest(SuiteRunner.java:429)
at org.testng.SuiteRunner.runSequentially(SuiteRunner.java:423)
at org.testng.SuiteRunner.privateRun(SuiteRunner.java:383)
at org.testng.SuiteRunner.run(SuiteRunner.java:326)
at org.testng.SuiteRunnerWorker.runSuite(SuiteRunnerWorker.java:52)
at org.testng.SuiteRunnerWorker.run(SuiteRunnerWorker.java:95)
at org.testng.TestNG.runSuitesSequentially(TestNG.java:1249)
at org.testng.TestNG.runSuitesLocally(TestNG.java:1169)
at org.testng.TestNG.runSuites(TestNG.java:1092)
at org.testng.TestNG.run(TestNG.java:1060)
at org.apache.maven.surefire.testng.TestNGExecutor.run(TestNGExecutor.java:77)
at org.apache.maven.surefire.testng.TestNGDirectoryTestSuite.executeMulti(TestNGDirectoryTestSuite.java:159)
at org.apache.maven.surefire.testng.TestNGDirectoryTestSuite.execute(TestNGDirectoryTestSuite.java:99)
at org.apache.maven.surefire.testng.TestNGProvider.invoke(TestNGProvider.java:106)
at java.base/jdk.internal.reflect.NativeMethodAccessorImpl.invoke0(Native Method)
at java.base/jdk.internal.reflect.NativeMethodAccessorImpl.invoke(NativeMethodAccessorImpl.java:62)
at java.base/jdk.internal.reflect.DelegatingMethodAccessorImpl.invoke(DelegatingMethodAccessorImpl.java:43)
at java.base/java.lang.reflect.Method.invoke(Method.java:566)
at org.apache.maven.surefire.util.ReflectionUtils.invokeMethodWithArray(ReflectionUtils.java:189)
at org.apache.maven.surefire.booter.ProviderFactory$ProviderProxy.invoke(ProviderFactory.java:165)
at org.apache.maven.surefire.booter.ProviderFactory.invokeProvider(ProviderFactory.java:85)
at org.apache.maven.surefire.booter.ForkedBooter.runSuitesInProcess(ForkedBooter.java:115)
at org.apache.maven.surefire.booter.ForkedBooter.main(ForkedBooter.java:75)
]]>
            </full-stacktrace>
          </exception> <!-- com.epam.rd.tasks.zoo.exception.BadClimateException -->
          <reporter-output>
          </reporter-output>
        </test-method> <!-- climateZoneTest -->
        <test-method signature="typeOfAnimalTest()[pri:0, instance:animalHouseTest.FieldTest@3246fb96]" started-at="2022-06-13T17:29:40 MSK" name="typeOfAnimalTest" finished-at="2022-06-13T17:29:40 MSK" duration-ms="0" status="PASS">
          <exception class="com.epam.rd.tasks.zoo.exception.BadAnimalTypeException">
            <message>
              <![CDATA[Cant change animal type in cage Field for Eleph cause another animal still living here!]]>
            </message>
            <full-stacktrace>
              <![CDATA[com.epam.rd.tasks.zoo.exception.BadAnimalTypeException: Cant change animal type in cage Field for Eleph cause another animal still living here!
at com.epam.rd.tasks.zoo.animalhouse.AnimalHouse.setTypeOfAnimal(AnimalHouse.java:71)
at animalHouseTest.FieldTest.typeOfAnimalTest(FieldTest.java:54)
at java.base/jdk.internal.reflect.NativeMethodAccessorImpl.invoke0(Native Method)
at java.base/jdk.internal.reflect.NativeMethodAccessorImpl.invoke(NativeMethodAccessorImpl.java:62)
at java.base/jdk.internal.reflect.DelegatingMethodAccessorImpl.invoke(DelegatingMethodAccessorImpl.java:43)
at java.base/java.lang.reflect.Method.invoke(Method.java:566)
at org.testng.internal.invokers.MethodInvocationHelper.invokeMethod(MethodInvocationHelper.java:135)
at org.testng.internal.invokers.TestInvoker.invokeMethod(TestInvoker.java:673)
at org.testng.internal.invokers.TestInvoker.invokeTestMethod(TestInvoker.java:220)
at org.testng.internal.invokers.MethodRunner.runInSequence(MethodRunner.java:50)
at org.testng.internal.invokers.TestInvoker$MethodInvocationAgent.invoke(TestInvoker.java:945)
at org.testng.internal.invokers.TestInvoker.invokeTestMethods(TestInvoker.java:193)
at org.testng.internal.invokers.TestMethodWorker.invokeTestMethods(TestMethodWorker.java:146)
at org.testng.internal.invokers.TestMethodWorker.run(TestMethodWorker.java:128)
at java.base/java.util.ArrayList.forEach(ArrayList.java:1541)
at org.testng.TestRunner.privateRun(TestRunner.java:808)
at org.testng.TestRunner.run(TestRunner.java:603)
at org.testng.SuiteRunner.runTest(SuiteRunner.java:429)
at org.testng.SuiteRunner.runSequentially(SuiteRunner.java:423)
at org.testng.SuiteRunner.privateRun(SuiteRunner.java:383)
at org.testng.SuiteRunner.run(SuiteRunner.java:326)
at org.testng.SuiteRunnerWorker.runSuite(SuiteRunnerWorker.java:52)
at org.testng.SuiteRunnerWorker.run(SuiteRunnerWorker.java:95)
at org.testng.TestNG.runSuitesSequentially(TestNG.java:1249)
at org.testng.TestNG.runSuitesLocally(TestNG.java:1169)
at org.testng.TestNG.runSuites(TestNG.java:1092)
at org.testng.TestNG.run(TestNG.java:1060)
at org.apache.maven.surefire.testng.TestNGExecutor.run(TestNGExecutor.java:77)
at org.apache.maven.surefire.testng.TestNGDirectoryTestSuite.executeMulti(TestNGDirectoryTestSuite.java:159)
at org.apache.maven.surefire.testng.TestNGDirectoryTestSuite.execute(TestNGDirectoryTestSuite.java:99)
at org.apache.maven.surefire.testng.TestNGProvider.invoke(TestNGProvider.java:106)
at java.base/jdk.internal.reflect.NativeMethodAccessorImpl.invoke0(Native Method)
at java.base/jdk.internal.reflect.NativeMethodAccessorImpl.invoke(NativeMethodAccessorImpl.java:62)
at java.base/jdk.internal.reflect.DelegatingMethodAccessorImpl.invoke(DelegatingMethodAccessorImpl.java:43)
at java.base/java.lang.reflect.Method.invoke(Method.java:566)
at org.apache.maven.surefire.util.ReflectionUtils.invokeMethodWithArray(ReflectionUtils.java:189)
at org.apache.maven.surefire.booter.ProviderFactory$ProviderProxy.invoke(ProviderFactory.java:165)
at org.apache.maven.surefire.booter.ProviderFactory.invokeProvider(ProviderFactory.java:85)
at org.apache.maven.surefire.booter.ForkedBooter.runSuitesInProcess(ForkedBooter.java:115)
at org.apache.maven.surefire.booter.ForkedBooter.main(ForkedBooter.java:75)
]]>
            </full-stacktrace>
          </exception> <!-- com.epam.rd.tasks.zoo.exception.BadAnimalTypeException -->
          <reporter-output>
          </reporter-output>
        </test-method> <!-- typeOfAnimalTest -->
        <test-method is-config="true" signature="message()[pri:0, instance:animalHouseTest.FieldTest@3246fb96]" started-at="2022-06-13T17:29:40 MSK" name="message" finished-at="2022-06-13T17:29:40 MSK" duration-ms="1" status="PASS">
          <reporter-output>
          </reporter-output>
        </test-method> <!-- message -->
      </class> <!-- animalHouseTest.FieldTest -->
      <class name="financeTest.income.StateSupportTest">
        <test-method signature="describeTest()[pri:0, instance:financeTest.income.StateSupportTest@33990a0c]" started-at="2022-06-13T17:29:40 MSK" name="describeTest" finished-at="2022-06-13T17:29:40 MSK" duration-ms="0" status="PASS">
          <reporter-output>
          </reporter-output>
        </test-method> <!-- describeTest -->
        <test-method signature="costTest()[pri:0, instance:financeTest.income.StateSupportTest@33990a0c]" started-at="2022-06-13T17:29:40 MSK" name="costTest" finished-at="2022-06-13T17:29:40 MSK" duration-ms="0" status="PASS">
          <reporter-output>
          </reporter-output>
        </test-method> <!-- costTest -->
      </class> <!-- financeTest.income.StateSupportTest -->
      <class name="animalTest.crustacean.highercancers.ShrimpTest">
        <test-method signature="ageTest()[pri:0, instance:animalTest.crustacean.highercancers.ShrimpTest@1ba9117e]" started-at="2022-06-13T17:29:40 MSK" name="ageTest" finished-at="2022-06-13T17:29:40 MSK" duration-ms="0" status="PASS">
          <exception class="com.epam.rd.tasks.zoo.exception.WrongAgeException">
            <message>
              <![CDATA[Age should be more than 0]]>
            </message>
            <full-stacktrace>
              <![CDATA[com.epam.rd.tasks.zoo.exception.WrongAgeException: Age should be more than 0
at com.epam.rd.tasks.zoo.animals.Animal.setAge(Animal.java:72)
at animalTest.crustacean.highercancers.ShrimpTest.ageTest(ShrimpTest.java:38)
at java.base/jdk.internal.reflect.NativeMethodAccessorImpl.invoke0(Native Method)
at java.base/jdk.internal.reflect.NativeMethodAccessorImpl.invoke(NativeMethodAccessorImpl.java:62)
at java.base/jdk.internal.reflect.DelegatingMethodAccessorImpl.invoke(DelegatingMethodAccessorImpl.java:43)
at java.base/java.lang.reflect.Method.invoke(Method.java:566)
at org.testng.internal.invokers.MethodInvocationHelper.invokeMethod(MethodInvocationHelper.java:135)
at org.testng.internal.invokers.TestInvoker.invokeMethod(TestInvoker.java:673)
at org.testng.internal.invokers.TestInvoker.invokeTestMethod(TestInvoker.java:220)
at org.testng.internal.invokers.MethodRunner.runInSequence(MethodRunner.java:50)
at org.testng.internal.invokers.TestInvoker$MethodInvocationAgent.invoke(TestInvoker.java:945)
at org.testng.internal.invokers.TestInvoker.invokeTestMethods(TestInvoker.java:193)
at org.testng.internal.invokers.TestMethodWorker.invokeTestMethods(TestMethodWorker.java:146)
at org.testng.internal.invokers.TestMethodWorker.run(TestMethodWorker.java:128)
at java.base/java.util.ArrayList.forEach(ArrayList.java:1541)
at org.testng.TestRunner.privateRun(TestRunner.java:808)
at org.testng.TestRunner.run(TestRunner.java:603)
at org.testng.SuiteRunner.runTest(SuiteRunner.java:429)
at org.testng.SuiteRunner.runSequentially(SuiteRunner.java:423)
at org.testng.SuiteRunner.privateRun(SuiteRunner.java:383)
at org.testng.SuiteRunner.run(SuiteRunner.java:326)
at org.testng.SuiteRunnerWorker.runSuite(SuiteRunnerWorker.java:52)
at org.testng.SuiteRunnerWorker.run(SuiteRunnerWorker.java:95)
at org.testng.TestNG.runSuitesSequentially(TestNG.java:1249)
at org.testng.TestNG.runSuitesLocally(TestNG.java:1169)
at org.testng.TestNG.runSuites(TestNG.java:1092)
at org.testng.TestNG.run(TestNG.java:1060)
at org.apache.maven.surefire.testng.TestNGExecutor.run(TestNGExecutor.java:77)
at org.apache.maven.surefire.testng.TestNGDirectoryTestSuite.executeMulti(TestNGDirectoryTestSuite.java:159)
at org.apache.maven.surefire.testng.TestNGDirectoryTestSuite.execute(TestNGDirectoryTestSuite.java:99)
at org.apache.maven.surefire.testng.TestNGProvider.invoke(TestNGProvider.java:106)
at java.base/jdk.internal.reflect.NativeMethodAccessorImpl.invoke0(Native Method)
at java.base/jdk.internal.reflect.NativeMethodAccessorImpl.invoke(NativeMethodAccessorImpl.java:62)
at java.base/jdk.internal.reflect.DelegatingMethodAccessorImpl.invoke(DelegatingMethodAccessorImpl.java:43)
at java.base/java.lang.reflect.Method.invoke(Method.java:566)
at org.apache.maven.surefire.util.ReflectionUtils.invokeMethodWithArray(ReflectionUtils.java:189)
at org.apache.maven.surefire.booter.ProviderFactory$ProviderProxy.invoke(ProviderFactory.java:165)
at org.apache.maven.surefire.booter.ProviderFactory.invokeProvider(ProviderFactory.java:85)
at org.apache.maven.surefire.booter.ForkedBooter.runSuitesInProcess(ForkedBooter.java:115)
at org.apache.maven.surefire.booter.ForkedBooter.main(ForkedBooter.java:75)
]]>
            </full-stacktrace>
          </exception> <!-- com.epam.rd.tasks.zoo.exception.WrongAgeException -->
          <reporter-output>
          </reporter-output>
        </test-method> <!-- ageTest -->
        <test-method signature="climateZoneTest()[pri:0, instance:animalTest.crustacean.highercancers.ShrimpTest@1ba9117e]" started-at="2022-06-13T17:29:40 MSK" name="climateZoneTest" finished-at="2022-06-13T17:29:40 MSK" duration-ms="0" status="PASS">
          <reporter-output>
          </reporter-output>
        </test-method> <!-- climateZoneTest -->
        <test-method signature="describeTest()[pri:0, instance:animalTest.crustacean.highercancers.ShrimpTest@1ba9117e]" started-at="2022-06-13T17:29:40 MSK" name="describeTest" finished-at="2022-06-13T17:29:40 MSK" duration-ms="0" status="PASS">
          <reporter-output>
          </reporter-output>
        </test-method> <!-- describeTest -->
        <test-method signature="nameTest()[pri:0, instance:animalTest.crustacean.highercancers.ShrimpTest@1ba9117e]" started-at="2022-06-13T17:29:40 MSK" name="nameTest" finished-at="2022-06-13T17:29:40 MSK" duration-ms="1" status="PASS">
          <reporter-output>
          </reporter-output>
        </test-method> <!-- nameTest -->
        <test-method signature="foodTest()[pri:0, instance:animalTest.crustacean.highercancers.ShrimpTest@1ba9117e]" started-at="2022-06-13T17:29:40 MSK" name="foodTest" finished-at="2022-06-13T17:29:40 MSK" duration-ms="0" status="PASS">
          <reporter-output>
          </reporter-output>
        </test-method> <!-- foodTest -->
        <test-method signature="livingZoneTest()[pri:0, instance:animalTest.crustacean.highercancers.ShrimpTest@1ba9117e]" started-at="2022-06-13T17:29:40 MSK" name="livingZoneTest" finished-at="2022-06-13T17:29:40 MSK" duration-ms="0" status="PASS">
          <reporter-output>
          </reporter-output>
        </test-method> <!-- livingZoneTest -->
      </class> <!-- animalTest.crustacean.highercancers.ShrimpTest -->
      <class name="animalTest.bird.ostrichlike.AfricanOstrichTest">
        <test-method signature="describeTest()[pri:0, instance:animalTest.bird.ostrichlike.AfricanOstrichTest@67080771]" started-at="2022-06-13T17:29:40 MSK" name="describeTest" finished-at="2022-06-13T17:29:40 MSK" duration-ms="0" status="PASS">
          <reporter-output>
          </reporter-output>
        </test-method> <!-- describeTest -->
        <test-method signature="ageTest()[pri:0, instance:animalTest.bird.ostrichlike.AfricanOstrichTest@67080771]" started-at="2022-06-13T17:29:40 MSK" name="ageTest" finished-at="2022-06-13T17:29:40 MSK" duration-ms="0" status="PASS">
          <exception class="com.epam.rd.tasks.zoo.exception.WrongAgeException">
            <message>
              <![CDATA[Age should be more than 0]]>
            </message>
            <full-stacktrace>
              <![CDATA[com.epam.rd.tasks.zoo.exception.WrongAgeException: Age should be more than 0
at com.epam.rd.tasks.zoo.animals.Animal.setAge(Animal.java:72)
at animalTest.bird.ostrichlike.AfricanOstrichTest.ageTest(AfricanOstrichTest.java:38)
at java.base/jdk.internal.reflect.NativeMethodAccessorImpl.invoke0(Native Method)
at java.base/jdk.internal.reflect.NativeMethodAccessorImpl.invoke(NativeMethodAccessorImpl.java:62)
at java.base/jdk.internal.reflect.DelegatingMethodAccessorImpl.invoke(DelegatingMethodAccessorImpl.java:43)
at java.base/java.lang.reflect.Method.invoke(Method.java:566)
at org.testng.internal.invokers.MethodInvocationHelper.invokeMethod(MethodInvocationHelper.java:135)
at org.testng.internal.invokers.TestInvoker.invokeMethod(TestInvoker.java:673)
at org.testng.internal.invokers.TestInvoker.invokeTestMethod(TestInvoker.java:220)
at org.testng.internal.invokers.MethodRunner.runInSequence(MethodRunner.java:50)
at org.testng.internal.invokers.TestInvoker$MethodInvocationAgent.invoke(TestInvoker.java:945)
at org.testng.internal.invokers.TestInvoker.invokeTestMethods(TestInvoker.java:193)
at org.testng.internal.invokers.TestMethodWorker.invokeTestMethods(TestMethodWorker.java:146)
at org.testng.internal.invokers.TestMethodWorker.run(TestMethodWorker.java:128)
at java.base/java.util.ArrayList.forEach(ArrayList.java:1541)
at org.testng.TestRunner.privateRun(TestRunner.java:808)
at org.testng.TestRunner.run(TestRunner.java:603)
at org.testng.SuiteRunner.runTest(SuiteRunner.java:429)
at org.testng.SuiteRunner.runSequentially(SuiteRunner.java:423)
at org.testng.SuiteRunner.privateRun(SuiteRunner.java:383)
at org.testng.SuiteRunner.run(SuiteRunner.java:326)
at org.testng.SuiteRunnerWorker.runSuite(SuiteRunnerWorker.java:52)
at org.testng.SuiteRunnerWorker.run(SuiteRunnerWorker.java:95)
at org.testng.TestNG.runSuitesSequentially(TestNG.java:1249)
at org.testng.TestNG.runSuitesLocally(TestNG.java:1169)
at org.testng.TestNG.runSuites(TestNG.java:1092)
at org.testng.TestNG.run(TestNG.java:1060)
at org.apache.maven.surefire.testng.TestNGExecutor.run(TestNGExecutor.java:77)
at org.apache.maven.surefire.testng.TestNGDirectoryTestSuite.executeMulti(TestNGDirectoryTestSuite.java:159)
at org.apache.maven.surefire.testng.TestNGDirectoryTestSuite.execute(TestNGDirectoryTestSuite.java:99)
at org.apache.maven.surefire.testng.TestNGProvider.invoke(TestNGProvider.java:106)
at java.base/jdk.internal.reflect.NativeMethodAccessorImpl.invoke0(Native Method)
at java.base/jdk.internal.reflect.NativeMethodAccessorImpl.invoke(NativeMethodAccessorImpl.java:62)
at java.base/jdk.internal.reflect.DelegatingMethodAccessorImpl.invoke(DelegatingMethodAccessorImpl.java:43)
at java.base/java.lang.reflect.Method.invoke(Method.java:566)
at org.apache.maven.surefire.util.ReflectionUtils.invokeMethodWithArray(ReflectionUtils.java:189)
at org.apache.maven.surefire.booter.ProviderFactory$ProviderProxy.invoke(ProviderFactory.java:165)
at org.apache.maven.surefire.booter.ProviderFactory.invokeProvider(ProviderFactory.java:85)
at org.apache.maven.surefire.booter.ForkedBooter.runSuitesInProcess(ForkedBooter.java:115)
at org.apache.maven.surefire.booter.ForkedBooter.main(ForkedBooter.java:75)
]]>
            </full-stacktrace>
          </exception> <!-- com.epam.rd.tasks.zoo.exception.WrongAgeException -->
          <reporter-output>
          </reporter-output>
        </test-method> <!-- ageTest -->
        <test-method signature="climateZoneTest()[pri:0, instance:animalTest.bird.ostrichlike.AfricanOstrichTest@67080771]" started-at="2022-06-13T17:29:40 MSK" name="climateZoneTest" finished-at="2022-06-13T17:29:40 MSK" duration-ms="0" status="PASS">
          <reporter-output>
          </reporter-output>
        </test-method> <!-- climateZoneTest -->
        <test-method signature="foodTest()[pri:0, instance:animalTest.bird.ostrichlike.AfricanOstrichTest@67080771]" started-at="2022-06-13T17:29:40 MSK" name="foodTest" finished-at="2022-06-13T17:29:40 MSK" duration-ms="0" status="PASS">
          <reporter-output>
          </reporter-output>
        </test-method> <!-- foodTest -->
        <test-method signature="livingZoneTest()[pri:0, instance:animalTest.bird.ostrichlike.AfricanOstrichTest@67080771]" started-at="2022-06-13T17:29:40 MSK" name="livingZoneTest" finished-at="2022-06-13T17:29:40 MSK" duration-ms="0" status="PASS">
          <reporter-output>
          </reporter-output>
        </test-method> <!-- livingZoneTest -->
        <test-method signature="nameTest()[pri:0, instance:animalTest.bird.ostrichlike.AfricanOstrichTest@67080771]" started-at="2022-06-13T17:29:40 MSK" name="nameTest" finished-at="2022-06-13T17:29:40 MSK" duration-ms="0" status="PASS">
          <reporter-output>
          </reporter-output>
        </test-method> <!-- nameTest -->
      </class> <!-- animalTest.bird.ostrichlike.AfricanOstrichTest -->
      <class name="financeTest.expenses.MaintenanceTest">
        <test-method signature="costTest()[pri:0, instance:financeTest.expenses.MaintenanceTest@212b5695]" started-at="2022-06-13T17:29:40 MSK" name="costTest" finished-at="2022-06-13T17:29:40 MSK" duration-ms="1" status="PASS">
          <reporter-output>
          </reporter-output>
        </test-method> <!-- costTest -->
        <test-method signature="describeTest()[pri:0, instance:financeTest.expenses.MaintenanceTest@212b5695]" started-at="2022-06-13T17:29:40 MSK" name="describeTest" finished-at="2022-06-13T17:29:40 MSK" duration-ms="0" status="PASS">
          <reporter-output>
          </reporter-output>
        </test-method> <!-- describeTest -->
        <test-method signature="maintenanceCageTest()[pri:0, instance:financeTest.expenses.MaintenanceTest@212b5695]" started-at="2022-06-13T17:29:40 MSK" name="maintenanceCageTest" finished-at="2022-06-13T17:29:40 MSK" duration-ms="0" status="PASS">
          <reporter-output>
          </reporter-output>
        </test-method> <!-- maintenanceCageTest -->
      </class> <!-- financeTest.expenses.MaintenanceTest -->
      <class name="animalTest.mammal.predator.LionTest">
        <test-method signature="ageTest()[pri:0, instance:animalTest.mammal.predator.LionTest@5ace1ed4]" started-at="2022-06-13T17:29:40 MSK" name="ageTest" finished-at="2022-06-13T17:29:40 MSK" duration-ms="0" status="PASS">
          <exception class="com.epam.rd.tasks.zoo.exception.WrongAgeException">
            <message>
              <![CDATA[Age should be more than 0]]>
            </message>
            <full-stacktrace>
              <![CDATA[com.epam.rd.tasks.zoo.exception.WrongAgeException: Age should be more than 0
at com.epam.rd.tasks.zoo.animals.Animal.setAge(Animal.java:72)
at animalTest.mammal.predator.LionTest.ageTest(LionTest.java:36)
at java.base/jdk.internal.reflect.NativeMethodAccessorImpl.invoke0(Native Method)
at java.base/jdk.internal.reflect.NativeMethodAccessorImpl.invoke(NativeMethodAccessorImpl.java:62)
at java.base/jdk.internal.reflect.DelegatingMethodAccessorImpl.invoke(DelegatingMethodAccessorImpl.java:43)
at java.base/java.lang.reflect.Method.invoke(Method.java:566)
at org.testng.internal.invokers.MethodInvocationHelper.invokeMethod(MethodInvocationHelper.java:135)
at org.testng.internal.invokers.TestInvoker.invokeMethod(TestInvoker.java:673)
at org.testng.internal.invokers.TestInvoker.invokeTestMethod(TestInvoker.java:220)
at org.testng.internal.invokers.MethodRunner.runInSequence(MethodRunner.java:50)
at org.testng.internal.invokers.TestInvoker$MethodInvocationAgent.invoke(TestInvoker.java:945)
at org.testng.internal.invokers.TestInvoker.invokeTestMethods(TestInvoker.java:193)
at org.testng.internal.invokers.TestMethodWorker.invokeTestMethods(TestMethodWorker.java:146)
at org.testng.internal.invokers.TestMethodWorker.run(TestMethodWorker.java:128)
at java.base/java.util.ArrayList.forEach(ArrayList.java:1541)
at org.testng.TestRunner.privateRun(TestRunner.java:808)
at org.testng.TestRunner.run(TestRunner.java:603)
at org.testng.SuiteRunner.runTest(SuiteRunner.java:429)
at org.testng.SuiteRunner.runSequentially(SuiteRunner.java:423)
at org.testng.SuiteRunner.privateRun(SuiteRunner.java:383)
at org.testng.SuiteRunner.run(SuiteRunner.java:326)
at org.testng.SuiteRunnerWorker.runSuite(SuiteRunnerWorker.java:52)
at org.testng.SuiteRunnerWorker.run(SuiteRunnerWorker.java:95)
at org.testng.TestNG.runSuitesSequentially(TestNG.java:1249)
at org.testng.TestNG.runSuitesLocally(TestNG.java:1169)
at org.testng.TestNG.runSuites(TestNG.java:1092)
at org.testng.TestNG.run(TestNG.java:1060)
at org.apache.maven.surefire.testng.TestNGExecutor.run(TestNGExecutor.java:77)
at org.apache.maven.surefire.testng.TestNGDirectoryTestSuite.executeMulti(TestNGDirectoryTestSuite.java:159)
at org.apache.maven.surefire.testng.TestNGDirectoryTestSuite.execute(TestNGDirectoryTestSuite.java:99)
at org.apache.maven.surefire.testng.TestNGProvider.invoke(TestNGProvider.java:106)
at java.base/jdk.internal.reflect.NativeMethodAccessorImpl.invoke0(Native Method)
at java.base/jdk.internal.reflect.NativeMethodAccessorImpl.invoke(NativeMethodAccessorImpl.java:62)
at java.base/jdk.internal.reflect.DelegatingMethodAccessorImpl.invoke(DelegatingMethodAccessorImpl.java:43)
at java.base/java.lang.reflect.Method.invoke(Method.java:566)
at org.apache.maven.surefire.util.ReflectionUtils.invokeMethodWithArray(ReflectionUtils.java:189)
at org.apache.maven.surefire.booter.ProviderFactory$ProviderProxy.invoke(ProviderFactory.java:165)
at org.apache.maven.surefire.booter.ProviderFactory.invokeProvider(ProviderFactory.java:85)
at org.apache.maven.surefire.booter.ForkedBooter.runSuitesInProcess(ForkedBooter.java:115)
at org.apache.maven.surefire.booter.ForkedBooter.main(ForkedBooter.java:75)
]]>
            </full-stacktrace>
          </exception> <!-- com.epam.rd.tasks.zoo.exception.WrongAgeException -->
          <reporter-output>
          </reporter-output>
        </test-method> <!-- ageTest -->
      </class> <!-- animalTest.mammal.predator.LionTest -->
      <class name="animalTest.bird.pigeonlike.VyakhirTest">
        <test-method signature="describeTest()[pri:0, instance:animalTest.bird.pigeonlike.VyakhirTest@29e495ff]" started-at="2022-06-13T17:29:40 MSK" name="describeTest" finished-at="2022-06-13T17:29:40 MSK" duration-ms="0" status="PASS">
          <reporter-output>
          </reporter-output>
        </test-method> <!-- describeTest -->
        <test-method signature="ageTest()[pri:0, instance:animalTest.bird.pigeonlike.VyakhirTest@29e495ff]" started-at="2022-06-13T17:29:40 MSK" name="ageTest" finished-at="2022-06-13T17:29:40 MSK" duration-ms="0" status="PASS">
          <exception class="com.epam.rd.tasks.zoo.exception.WrongAgeException">
            <message>
              <![CDATA[Age should be more than 0]]>
            </message>
            <full-stacktrace>
              <![CDATA[com.epam.rd.tasks.zoo.exception.WrongAgeException: Age should be more than 0
at com.epam.rd.tasks.zoo.animals.Animal.setAge(Animal.java:72)
at animalTest.bird.pigeonlike.VyakhirTest.ageTest(VyakhirTest.java:38)
at java.base/jdk.internal.reflect.NativeMethodAccessorImpl.invoke0(Native Method)
at java.base/jdk.internal.reflect.NativeMethodAccessorImpl.invoke(NativeMethodAccessorImpl.java:62)
at java.base/jdk.internal.reflect.DelegatingMethodAccessorImpl.invoke(DelegatingMethodAccessorImpl.java:43)
at java.base/java.lang.reflect.Method.invoke(Method.java:566)
at org.testng.internal.invokers.MethodInvocationHelper.invokeMethod(MethodInvocationHelper.java:135)
at org.testng.internal.invokers.TestInvoker.invokeMethod(TestInvoker.java:673)
at org.testng.internal.invokers.TestInvoker.invokeTestMethod(TestInvoker.java:220)
at org.testng.internal.invokers.MethodRunner.runInSequence(MethodRunner.java:50)
at org.testng.internal.invokers.TestInvoker$MethodInvocationAgent.invoke(TestInvoker.java:945)
at org.testng.internal.invokers.TestInvoker.invokeTestMethods(TestInvoker.java:193)
at org.testng.internal.invokers.TestMethodWorker.invokeTestMethods(TestMethodWorker.java:146)
at org.testng.internal.invokers.TestMethodWorker.run(TestMethodWorker.java:128)
at java.base/java.util.ArrayList.forEach(ArrayList.java:1541)
at org.testng.TestRunner.privateRun(TestRunner.java:808)
at org.testng.TestRunner.run(TestRunner.java:603)
at org.testng.SuiteRunner.runTest(SuiteRunner.java:429)
at org.testng.SuiteRunner.runSequentially(SuiteRunner.java:423)
at org.testng.SuiteRunner.privateRun(SuiteRunner.java:383)
at org.testng.SuiteRunner.run(SuiteRunner.java:326)
at org.testng.SuiteRunnerWorker.runSuite(SuiteRunnerWorker.java:52)
at org.testng.SuiteRunnerWorker.run(SuiteRunnerWorker.java:95)
at org.testng.TestNG.runSuitesSequentially(TestNG.java:1249)
at org.testng.TestNG.runSuitesLocally(TestNG.java:1169)
at org.testng.TestNG.runSuites(TestNG.java:1092)
at org.testng.TestNG.run(TestNG.java:1060)
at org.apache.maven.surefire.testng.TestNGExecutor.run(TestNGExecutor.java:77)
at org.apache.maven.surefire.testng.TestNGDirectoryTestSuite.executeMulti(TestNGDirectoryTestSuite.java:159)
at org.apache.maven.surefire.testng.TestNGDirectoryTestSuite.execute(TestNGDirectoryTestSuite.java:99)
at org.apache.maven.surefire.testng.TestNGProvider.invoke(TestNGProvider.java:106)
at java.base/jdk.internal.reflect.NativeMethodAccessorImpl.invoke0(Native Method)
at java.base/jdk.internal.reflect.NativeMethodAccessorImpl.invoke(NativeMethodAccessorImpl.java:62)
at java.base/jdk.internal.reflect.DelegatingMethodAccessorImpl.invoke(DelegatingMethodAccessorImpl.java:43)
at java.base/java.lang.reflect.Method.invoke(Method.java:566)
at org.apache.maven.surefire.util.ReflectionUtils.invokeMethodWithArray(ReflectionUtils.java:189)
at org.apache.maven.surefire.booter.ProviderFactory$ProviderProxy.invoke(ProviderFactory.java:165)
at org.apache.maven.surefire.booter.ProviderFactory.invokeProvider(ProviderFactory.java:85)
at org.apache.maven.surefire.booter.ForkedBooter.runSuitesInProcess(ForkedBooter.java:115)
at org.apache.maven.surefire.booter.ForkedBooter.main(ForkedBooter.java:75)
]]>
            </full-stacktrace>
          </exception> <!-- com.epam.rd.tasks.zoo.exception.WrongAgeException -->
          <reporter-output>
          </reporter-output>
        </test-method> <!-- ageTest -->
        <test-method signature="climateZoneTest()[pri:0, instance:animalTest.bird.pigeonlike.VyakhirTest@29e495ff]" started-at="2022-06-13T17:29:40 MSK" name="climateZoneTest" finished-at="2022-06-13T17:29:40 MSK" duration-ms="0" status="PASS">
          <reporter-output>
          </reporter-output>
        </test-method> <!-- climateZoneTest -->
        <test-method signature="foodTest()[pri:0, instance:animalTest.bird.pigeonlike.VyakhirTest@29e495ff]" started-at="2022-06-13T17:29:40 MSK" name="foodTest" finished-at="2022-06-13T17:29:40 MSK" duration-ms="0" status="PASS">
          <reporter-output>
          </reporter-output>
        </test-method> <!-- foodTest -->
        <test-method signature="nameTest()[pri:0, instance:animalTest.bird.pigeonlike.VyakhirTest@29e495ff]" started-at="2022-06-13T17:29:40 MSK" name="nameTest" finished-at="2022-06-13T17:29:40 MSK" duration-ms="1" status="PASS">
          <reporter-output>
          </reporter-output>
        </test-method> <!-- nameTest -->
        <test-method signature="livingZoneTest()[pri:0, instance:animalTest.bird.pigeonlike.VyakhirTest@29e495ff]" started-at="2022-06-13T17:29:40 MSK" name="livingZoneTest" finished-at="2022-06-13T17:29:40 MSK" duration-ms="0" status="PASS">
          <reporter-output>
          </reporter-output>
        </test-method> <!-- livingZoneTest -->
      </class> <!-- animalTest.bird.pigeonlike.VyakhirTest -->
      <class name="animalTest.mammal.primate.MonkeyTest">
        <test-method signature="climateZoneTest()[pri:0, instance:animalTest.mammal.primate.MonkeyTest@31e5415e]" started-at="2022-06-13T17:29:40 MSK" name="climateZoneTest" finished-at="2022-06-13T17:29:40 MSK" duration-ms="0" status="PASS">
          <reporter-output>
          </reporter-output>
        </test-method> <!-- climateZoneTest -->
        <test-method signature="ageTest()[pri:0, instance:animalTest.mammal.primate.MonkeyTest@31e5415e]" started-at="2022-06-13T17:29:40 MSK" name="ageTest" finished-at="2022-06-13T17:29:40 MSK" duration-ms="0" status="PASS">
          <exception class="com.epam.rd.tasks.zoo.exception.WrongAgeException">
            <message>
              <![CDATA[Age should be more than 0]]>
            </message>
            <full-stacktrace>
              <![CDATA[com.epam.rd.tasks.zoo.exception.WrongAgeException: Age should be more than 0
at com.epam.rd.tasks.zoo.animals.Animal.setAge(Animal.java:72)
at animalTest.mammal.primate.MonkeyTest.ageTest(MonkeyTest.java:37)
at java.base/jdk.internal.reflect.NativeMethodAccessorImpl.invoke0(Native Method)
at java.base/jdk.internal.reflect.NativeMethodAccessorImpl.invoke(NativeMethodAccessorImpl.java:62)
at java.base/jdk.internal.reflect.DelegatingMethodAccessorImpl.invoke(DelegatingMethodAccessorImpl.java:43)
at java.base/java.lang.reflect.Method.invoke(Method.java:566)
at org.testng.internal.invokers.MethodInvocationHelper.invokeMethod(MethodInvocationHelper.java:135)
at org.testng.internal.invokers.TestInvoker.invokeMethod(TestInvoker.java:673)
at org.testng.internal.invokers.TestInvoker.invokeTestMethod(TestInvoker.java:220)
at org.testng.internal.invokers.MethodRunner.runInSequence(MethodRunner.java:50)
at org.testng.internal.invokers.TestInvoker$MethodInvocationAgent.invoke(TestInvoker.java:945)
at org.testng.internal.invokers.TestInvoker.invokeTestMethods(TestInvoker.java:193)
at org.testng.internal.invokers.TestMethodWorker.invokeTestMethods(TestMethodWorker.java:146)
at org.testng.internal.invokers.TestMethodWorker.run(TestMethodWorker.java:128)
at java.base/java.util.ArrayList.forEach(ArrayList.java:1541)
at org.testng.TestRunner.privateRun(TestRunner.java:808)
at org.testng.TestRunner.run(TestRunner.java:603)
at org.testng.SuiteRunner.runTest(SuiteRunner.java:429)
at org.testng.SuiteRunner.runSequentially(SuiteRunner.java:423)
at org.testng.SuiteRunner.privateRun(SuiteRunner.java:383)
at org.testng.SuiteRunner.run(SuiteRunner.java:326)
at org.testng.SuiteRunnerWorker.runSuite(SuiteRunnerWorker.java:52)
at org.testng.SuiteRunnerWorker.run(SuiteRunnerWorker.java:95)
at org.testng.TestNG.runSuitesSequentially(TestNG.java:1249)
at org.testng.TestNG.runSuitesLocally(TestNG.java:1169)
at org.testng.TestNG.runSuites(TestNG.java:1092)
at org.testng.TestNG.run(TestNG.java:1060)
at org.apache.maven.surefire.testng.TestNGExecutor.run(TestNGExecutor.java:77)
at org.apache.maven.surefire.testng.TestNGDirectoryTestSuite.executeMulti(TestNGDirectoryTestSuite.java:159)
at org.apache.maven.surefire.testng.TestNGDirectoryTestSuite.execute(TestNGDirectoryTestSuite.java:99)
at org.apache.maven.surefire.testng.TestNGProvider.invoke(TestNGProvider.java:106)
at java.base/jdk.internal.reflect.NativeMethodAccessorImpl.invoke0(Native Method)
at java.base/jdk.internal.reflect.NativeMethodAccessorImpl.invoke(NativeMethodAccessorImpl.java:62)
at java.base/jdk.internal.reflect.DelegatingMethodAccessorImpl.invoke(DelegatingMethodAccessorImpl.java:43)
at java.base/java.lang.reflect.Method.invoke(Method.java:566)
at org.apache.maven.surefire.util.ReflectionUtils.invokeMethodWithArray(ReflectionUtils.java:189)
at org.apache.maven.surefire.booter.ProviderFactory$ProviderProxy.invoke(ProviderFactory.java:165)
at org.apache.maven.surefire.booter.ProviderFactory.invokeProvider(ProviderFactory.java:85)
at org.apache.maven.surefire.booter.ForkedBooter.runSuitesInProcess(ForkedBooter.java:115)
at org.apache.maven.surefire.booter.ForkedBooter.main(ForkedBooter.java:75)
]]>
            </full-stacktrace>
          </exception> <!-- com.epam.rd.tasks.zoo.exception.WrongAgeException -->
          <reporter-output>
          </reporter-output>
        </test-method> <!-- ageTest -->
        <test-method signature="nameTest()[pri:0, instance:animalTest.mammal.primate.MonkeyTest@31e5415e]" started-at="2022-06-13T17:29:40 MSK" name="nameTest" finished-at="2022-06-13T17:29:40 MSK" duration-ms="0" status="PASS">
          <reporter-output>
          </reporter-output>
        </test-method> <!-- nameTest -->
        <test-method signature="livingZoneTest()[pri:0, instance:animalTest.mammal.primate.MonkeyTest@31e5415e]" started-at="2022-06-13T17:29:40 MSK" name="livingZoneTest" finished-at="2022-06-13T17:29:40 MSK" duration-ms="0" status="PASS">
          <reporter-output>
          </reporter-output>
        </test-method> <!-- livingZoneTest -->
        <test-method signature="foodTest()[pri:0, instance:animalTest.mammal.primate.MonkeyTest@31e5415e]" started-at="2022-06-13T17:29:40 MSK" name="foodTest" finished-at="2022-06-13T17:29:40 MSK" duration-ms="0" status="PASS">
          <reporter-output>
          </reporter-output>
        </test-method> <!-- foodTest -->
        <test-method signature="describeTest()[pri:0, instance:animalTest.mammal.primate.MonkeyTest@31e5415e]" started-at="2022-06-13T17:29:40 MSK" name="describeTest" finished-at="2022-06-13T17:29:40 MSK" duration-ms="0" status="PASS">
          <reporter-output>
          </reporter-output>
        </test-method> <!-- describeTest -->
      </class> <!-- animalTest.mammal.primate.MonkeyTest -->
      <class name="animalTest.ampfibian.tailless.FrogTest">
        <test-method signature="ageTest()[pri:0, instance:animalTest.ampfibian.tailless.FrogTest@3a6bb9bf]" started-at="2022-06-13T17:29:40 MSK" name="ageTest" finished-at="2022-06-13T17:29:40 MSK" duration-ms="0" status="PASS">
          <exception class="com.epam.rd.tasks.zoo.exception.WrongAgeException">
            <message>
              <![CDATA[Age should be more than 0]]>
            </message>
            <full-stacktrace>
              <![CDATA[com.epam.rd.tasks.zoo.exception.WrongAgeException: Age should be more than 0
at com.epam.rd.tasks.zoo.animals.Animal.setAge(Animal.java:72)
at animalTest.ampfibian.tailless.FrogTest.ageTest(FrogTest.java:37)
at java.base/jdk.internal.reflect.NativeMethodAccessorImpl.invoke0(Native Method)
at java.base/jdk.internal.reflect.NativeMethodAccessorImpl.invoke(NativeMethodAccessorImpl.java:62)
at java.base/jdk.internal.reflect.DelegatingMethodAccessorImpl.invoke(DelegatingMethodAccessorImpl.java:43)
at java.base/java.lang.reflect.Method.invoke(Method.java:566)
at org.testng.internal.invokers.MethodInvocationHelper.invokeMethod(MethodInvocationHelper.java:135)
at org.testng.internal.invokers.TestInvoker.invokeMethod(TestInvoker.java:673)
at org.testng.internal.invokers.TestInvoker.invokeTestMethod(TestInvoker.java:220)
at org.testng.internal.invokers.MethodRunner.runInSequence(MethodRunner.java:50)
at org.testng.internal.invokers.TestInvoker$MethodInvocationAgent.invoke(TestInvoker.java:945)
at org.testng.internal.invokers.TestInvoker.invokeTestMethods(TestInvoker.java:193)
at org.testng.internal.invokers.TestMethodWorker.invokeTestMethods(TestMethodWorker.java:146)
at org.testng.internal.invokers.TestMethodWorker.run(TestMethodWorker.java:128)
at java.base/java.util.ArrayList.forEach(ArrayList.java:1541)
at org.testng.TestRunner.privateRun(TestRunner.java:808)
at org.testng.TestRunner.run(TestRunner.java:603)
at org.testng.SuiteRunner.runTest(SuiteRunner.java:429)
at org.testng.SuiteRunner.runSequentially(SuiteRunner.java:423)
at org.testng.SuiteRunner.privateRun(SuiteRunner.java:383)
at org.testng.SuiteRunner.run(SuiteRunner.java:326)
at org.testng.SuiteRunnerWorker.runSuite(SuiteRunnerWorker.java:52)
at org.testng.SuiteRunnerWorker.run(SuiteRunnerWorker.java:95)
at org.testng.TestNG.runSuitesSequentially(TestNG.java:1249)
at org.testng.TestNG.runSuitesLocally(TestNG.java:1169)
at org.testng.TestNG.runSuites(TestNG.java:1092)
at org.testng.TestNG.run(TestNG.java:1060)
at org.apache.maven.surefire.testng.TestNGExecutor.run(TestNGExecutor.java:77)
at org.apache.maven.surefire.testng.TestNGDirectoryTestSuite.executeMulti(TestNGDirectoryTestSuite.java:159)
at org.apache.maven.surefire.testng.TestNGDirectoryTestSuite.execute(TestNGDirectoryTestSuite.java:99)
at org.apache.maven.surefire.testng.TestNGProvider.invoke(TestNGProvider.java:106)
at java.base/jdk.internal.reflect.NativeMethodAccessorImpl.invoke0(Native Method)
at java.base/jdk.internal.reflect.NativeMethodAccessorImpl.invoke(NativeMethodAccessorImpl.java:62)
at java.base/jdk.internal.reflect.DelegatingMethodAccessorImpl.invoke(DelegatingMethodAccessorImpl.java:43)
at java.base/java.lang.reflect.Method.invoke(Method.java:566)
at org.apache.maven.surefire.util.ReflectionUtils.invokeMethodWithArray(ReflectionUtils.java:189)
at org.apache.maven.surefire.booter.ProviderFactory$ProviderProxy.invoke(ProviderFactory.java:165)
at org.apache.maven.surefire.booter.ProviderFactory.invokeProvider(ProviderFactory.java:85)
at org.apache.maven.surefire.booter.ForkedBooter.runSuitesInProcess(ForkedBooter.java:115)
at org.apache.maven.surefire.booter.ForkedBooter.main(ForkedBooter.java:75)
]]>
            </full-stacktrace>
          </exception> <!-- com.epam.rd.tasks.zoo.exception.WrongAgeException -->
          <reporter-output>
          </reporter-output>
        </test-method> <!-- ageTest -->
        <test-method signature="climateZoneTest()[pri:0, instance:animalTest.ampfibian.tailless.FrogTest@3a6bb9bf]" started-at="2022-06-13T17:29:40 MSK" name="climateZoneTest" finished-at="2022-06-13T17:29:40 MSK" duration-ms="1" status="PASS">
          <reporter-output>
          </reporter-output>
        </test-method> <!-- climateZoneTest -->
        <test-method signature="describeTest()[pri:0, instance:animalTest.ampfibian.tailless.FrogTest@3a6bb9bf]" started-at="2022-06-13T17:29:40 MSK" name="describeTest" finished-at="2022-06-13T17:29:40 MSK" duration-ms="0" status="PASS">
          <reporter-output>
          </reporter-output>
        </test-method> <!-- describeTest -->
        <test-method signature="foodTest()[pri:0, instance:animalTest.ampfibian.tailless.FrogTest@3a6bb9bf]" started-at="2022-06-13T17:29:40 MSK" name="foodTest" finished-at="2022-06-13T17:29:40 MSK" duration-ms="1" status="PASS">
          <reporter-output>
          </reporter-output>
        </test-method> <!-- foodTest -->
        <test-method signature="nameTest()[pri:0, instance:animalTest.ampfibian.tailless.FrogTest@3a6bb9bf]" started-at="2022-06-13T17:29:40 MSK" name="nameTest" finished-at="2022-06-13T17:29:40 MSK" duration-ms="0" status="PASS">
          <reporter-output>
          </reporter-output>
        </test-method> <!-- nameTest -->
        <test-method signature="livingZoneTest()[pri:0, instance:animalTest.ampfibian.tailless.FrogTest@3a6bb9bf]" started-at="2022-06-13T17:29:40 MSK" name="livingZoneTest" finished-at="2022-06-13T17:29:40 MSK" duration-ms="0" status="PASS">
          <reporter-output>
          </reporter-output>
        </test-method> <!-- livingZoneTest -->
      </class> <!-- animalTest.ampfibian.tailless.FrogTest -->
      <class name="animalTest.bird.finche.BullfinchTest">
        <test-method signature="ageTest()[pri:0, instance:animalTest.bird.finche.BullfinchTest@c333c60]" started-at="2022-06-13T17:29:40 MSK" name="ageTest" finished-at="2022-06-13T17:29:40 MSK" duration-ms="0" status="PASS">
          <exception class="com.epam.rd.tasks.zoo.exception.WrongAgeException">
            <message>
              <![CDATA[Age should be more than 0]]>
            </message>
            <full-stacktrace>
              <![CDATA[com.epam.rd.tasks.zoo.exception.WrongAgeException: Age should be more than 0
at com.epam.rd.tasks.zoo.animals.Animal.setAge(Animal.java:72)
at animalTest.bird.finche.BullfinchTest.ageTest(BullfinchTest.java:38)
at java.base/jdk.internal.reflect.NativeMethodAccessorImpl.invoke0(Native Method)
at java.base/jdk.internal.reflect.NativeMethodAccessorImpl.invoke(NativeMethodAccessorImpl.java:62)
at java.base/jdk.internal.reflect.DelegatingMethodAccessorImpl.invoke(DelegatingMethodAccessorImpl.java:43)
at java.base/java.lang.reflect.Method.invoke(Method.java:566)
at org.testng.internal.invokers.MethodInvocationHelper.invokeMethod(MethodInvocationHelper.java:135)
at org.testng.internal.invokers.TestInvoker.invokeMethod(TestInvoker.java:673)
at org.testng.internal.invokers.TestInvoker.invokeTestMethod(TestInvoker.java:220)
at org.testng.internal.invokers.MethodRunner.runInSequence(MethodRunner.java:50)
at org.testng.internal.invokers.TestInvoker$MethodInvocationAgent.invoke(TestInvoker.java:945)
at org.testng.internal.invokers.TestInvoker.invokeTestMethods(TestInvoker.java:193)
at org.testng.internal.invokers.TestMethodWorker.invokeTestMethods(TestMethodWorker.java:146)
at org.testng.internal.invokers.TestMethodWorker.run(TestMethodWorker.java:128)
at java.base/java.util.ArrayList.forEach(ArrayList.java:1541)
at org.testng.TestRunner.privateRun(TestRunner.java:808)
at org.testng.TestRunner.run(TestRunner.java:603)
at org.testng.SuiteRunner.runTest(SuiteRunner.java:429)
at org.testng.SuiteRunner.runSequentially(SuiteRunner.java:423)
at org.testng.SuiteRunner.privateRun(SuiteRunner.java:383)
at org.testng.SuiteRunner.run(SuiteRunner.java:326)
at org.testng.SuiteRunnerWorker.runSuite(SuiteRunnerWorker.java:52)
at org.testng.SuiteRunnerWorker.run(SuiteRunnerWorker.java:95)
at org.testng.TestNG.runSuitesSequentially(TestNG.java:1249)
at org.testng.TestNG.runSuitesLocally(TestNG.java:1169)
at org.testng.TestNG.runSuites(TestNG.java:1092)
at org.testng.TestNG.run(TestNG.java:1060)
at org.apache.maven.surefire.testng.TestNGExecutor.run(TestNGExecutor.java:77)
at org.apache.maven.surefire.testng.TestNGDirectoryTestSuite.executeMulti(TestNGDirectoryTestSuite.java:159)
at org.apache.maven.surefire.testng.TestNGDirectoryTestSuite.execute(TestNGDirectoryTestSuite.java:99)
at org.apache.maven.surefire.testng.TestNGProvider.invoke(TestNGProvider.java:106)
at java.base/jdk.internal.reflect.NativeMethodAccessorImpl.invoke0(Native Method)
at java.base/jdk.internal.reflect.NativeMethodAccessorImpl.invoke(NativeMethodAccessorImpl.java:62)
at java.base/jdk.internal.reflect.DelegatingMethodAccessorImpl.invoke(DelegatingMethodAccessorImpl.java:43)
at java.base/java.lang.reflect.Method.invoke(Method.java:566)
at org.apache.maven.surefire.util.ReflectionUtils.invokeMethodWithArray(ReflectionUtils.java:189)
at org.apache.maven.surefire.booter.ProviderFactory$ProviderProxy.invoke(ProviderFactory.java:165)
at org.apache.maven.surefire.booter.ProviderFactory.invokeProvider(ProviderFactory.java:85)
at org.apache.maven.surefire.booter.ForkedBooter.runSuitesInProcess(ForkedBooter.java:115)
at org.apache.maven.surefire.booter.ForkedBooter.main(ForkedBooter.java:75)
]]>
            </full-stacktrace>
          </exception> <!-- com.epam.rd.tasks.zoo.exception.WrongAgeException -->
          <reporter-output>
          </reporter-output>
        </test-method> <!-- ageTest -->
        <test-method signature="climateZoneTest()[pri:0, instance:animalTest.bird.finche.BullfinchTest@c333c60]" started-at="2022-06-13T17:29:40 MSK" name="climateZoneTest" finished-at="2022-06-13T17:29:40 MSK" duration-ms="0" status="PASS">
          <reporter-output>
          </reporter-output>
        </test-method> <!-- climateZoneTest -->
        <test-method signature="livingZoneTest()[pri:0, instance:animalTest.bird.finche.BullfinchTest@c333c60]" started-at="2022-06-13T17:29:40 MSK" name="livingZoneTest" finished-at="2022-06-13T17:29:40 MSK" duration-ms="0" status="PASS">
          <reporter-output>
          </reporter-output>
        </test-method> <!-- livingZoneTest -->
        <test-method signature="nameTest()[pri:0, instance:animalTest.bird.finche.BullfinchTest@c333c60]" started-at="2022-06-13T17:29:40 MSK" name="nameTest" finished-at="2022-06-13T17:29:40 MSK" duration-ms="0" status="PASS">
          <reporter-output>
          </reporter-output>
        </test-method> <!-- nameTest -->
        <test-method signature="describeTest()[pri:0, instance:animalTest.bird.finche.BullfinchTest@c333c60]" started-at="2022-06-13T17:29:40 MSK" name="describeTest" finished-at="2022-06-13T17:29:40 MSK" duration-ms="0" status="PASS">
          <reporter-output>
          </reporter-output>
        </test-method> <!-- describeTest -->
        <test-method signature="foodTest()[pri:0, instance:animalTest.bird.finche.BullfinchTest@c333c60]" started-at="2022-06-13T17:29:40 MSK" name="foodTest" finished-at="2022-06-13T17:29:40 MSK" duration-ms="0" status="PASS">
          <reporter-output>
          </reporter-output>
        </test-method> <!-- foodTest -->
      </class> <!-- animalTest.bird.finche.BullfinchTest -->
      <class name="animalTest.mammal.predator.WolfTest">
        <test-method signature="ageTest()[pri:0, instance:animalTest.mammal.predator.WolfTest@27ff5d15]" started-at="2022-06-13T17:29:40 MSK" name="ageTest" finished-at="2022-06-13T17:29:40 MSK" duration-ms="0" status="PASS">
          <exception class="com.epam.rd.tasks.zoo.exception.WrongAgeException">
            <message>
              <![CDATA[Age should be more than 0]]>
            </message>
            <full-stacktrace>
              <![CDATA[com.epam.rd.tasks.zoo.exception.WrongAgeException: Age should be more than 0
at com.epam.rd.tasks.zoo.animals.Animal.setAge(Animal.java:72)
at animalTest.mammal.predator.WolfTest.ageTest(WolfTest.java:37)
at java.base/jdk.internal.reflect.NativeMethodAccessorImpl.invoke0(Native Method)
at java.base/jdk.internal.reflect.NativeMethodAccessorImpl.invoke(NativeMethodAccessorImpl.java:62)
at java.base/jdk.internal.reflect.DelegatingMethodAccessorImpl.invoke(DelegatingMethodAccessorImpl.java:43)
at java.base/java.lang.reflect.Method.invoke(Method.java:566)
at org.testng.internal.invokers.MethodInvocationHelper.invokeMethod(MethodInvocationHelper.java:135)
at org.testng.internal.invokers.TestInvoker.invokeMethod(TestInvoker.java:673)
at org.testng.internal.invokers.TestInvoker.invokeTestMethod(TestInvoker.java:220)
at org.testng.internal.invokers.MethodRunner.runInSequence(MethodRunner.java:50)
at org.testng.internal.invokers.TestInvoker$MethodInvocationAgent.invoke(TestInvoker.java:945)
at org.testng.internal.invokers.TestInvoker.invokeTestMethods(TestInvoker.java:193)
at org.testng.internal.invokers.TestMethodWorker.invokeTestMethods(TestMethodWorker.java:146)
at org.testng.internal.invokers.TestMethodWorker.run(TestMethodWorker.java:128)
at java.base/java.util.ArrayList.forEach(ArrayList.java:1541)
at org.testng.TestRunner.privateRun(TestRunner.java:808)
at org.testng.TestRunner.run(TestRunner.java:603)
at org.testng.SuiteRunner.runTest(SuiteRunner.java:429)
at org.testng.SuiteRunner.runSequentially(SuiteRunner.java:423)
at org.testng.SuiteRunner.privateRun(SuiteRunner.java:383)
at org.testng.SuiteRunner.run(SuiteRunner.java:326)
at org.testng.SuiteRunnerWorker.runSuite(SuiteRunnerWorker.java:52)
at org.testng.SuiteRunnerWorker.run(SuiteRunnerWorker.java:95)
at org.testng.TestNG.runSuitesSequentially(TestNG.java:1249)
at org.testng.TestNG.runSuitesLocally(TestNG.java:1169)
at org.testng.TestNG.runSuites(TestNG.java:1092)
at org.testng.TestNG.run(TestNG.java:1060)
at org.apache.maven.surefire.testng.TestNGExecutor.run(TestNGExecutor.java:77)
at org.apache.maven.surefire.testng.TestNGDirectoryTestSuite.executeMulti(TestNGDirectoryTestSuite.java:159)
at org.apache.maven.surefire.testng.TestNGDirectoryTestSuite.execute(TestNGDirectoryTestSuite.java:99)
at org.apache.maven.surefire.testng.TestNGProvider.invoke(TestNGProvider.java:106)
at java.base/jdk.internal.reflect.NativeMethodAccessorImpl.invoke0(Native Method)
at java.base/jdk.internal.reflect.NativeMethodAccessorImpl.invoke(NativeMethodAccessorImpl.java:62)
at java.base/jdk.internal.reflect.DelegatingMethodAccessorImpl.invoke(DelegatingMethodAccessorImpl.java:43)
at java.base/java.lang.reflect.Method.invoke(Method.java:566)
at org.apache.maven.surefire.util.ReflectionUtils.invokeMethodWithArray(ReflectionUtils.java:189)
at org.apache.maven.surefire.booter.ProviderFactory$ProviderProxy.invoke(ProviderFactory.java:165)
at org.apache.maven.surefire.booter.ProviderFactory.invokeProvider(ProviderFactory.java:85)
at org.apache.maven.surefire.booter.ForkedBooter.runSuitesInProcess(ForkedBooter.java:115)
at org.apache.maven.surefire.booter.ForkedBooter.main(ForkedBooter.java:75)
]]>
            </full-stacktrace>
          </exception> <!-- com.epam.rd.tasks.zoo.exception.WrongAgeException -->
          <reporter-output>
          </reporter-output>
        </test-method> <!-- ageTest -->
        <test-method signature="foodTest()[pri:0, instance:animalTest.mammal.predator.WolfTest@27ff5d15]" started-at="2022-06-13T17:29:40 MSK" name="foodTest" finished-at="2022-06-13T17:29:40 MSK" duration-ms="0" status="PASS">
          <reporter-output>
          </reporter-output>
        </test-method> <!-- foodTest -->
        <test-method signature="climateZoneTest()[pri:0, instance:animalTest.mammal.predator.WolfTest@27ff5d15]" started-at="2022-06-13T17:29:40 MSK" name="climateZoneTest" finished-at="2022-06-13T17:29:40 MSK" duration-ms="0" status="PASS">
          <reporter-output>
          </reporter-output>
        </test-method> <!-- climateZoneTest -->
        <test-method signature="describeTest()[pri:0, instance:animalTest.mammal.predator.WolfTest@27ff5d15]" started-at="2022-06-13T17:29:40 MSK" name="describeTest" finished-at="2022-06-13T17:29:40 MSK" duration-ms="0" status="PASS">
          <reporter-output>
          </reporter-output>
        </test-method> <!-- describeTest -->
        <test-method signature="nameTest()[pri:0, instance:animalTest.mammal.predator.WolfTest@27ff5d15]" started-at="2022-06-13T17:29:40 MSK" name="nameTest" finished-at="2022-06-13T17:29:40 MSK" duration-ms="0" status="PASS">
          <reporter-output>
          </reporter-output>
        </test-method> <!-- nameTest -->
        <test-method signature="livingZoneTest()[pri:0, instance:animalTest.mammal.predator.WolfTest@27ff5d15]" started-at="2022-06-13T17:29:40 MSK" name="livingZoneTest" finished-at="2022-06-13T17:29:40 MSK" duration-ms="0" status="PASS">
          <reporter-output>
          </reporter-output>
        </test-method> <!-- livingZoneTest -->
      </class> <!-- animalTest.mammal.predator.WolfTest -->
      <class name="animalTest.mammal.primate.ChimpanzeeTest">
        <test-method signature="describeTest()[pri:0, instance:animalTest.mammal.primate.ChimpanzeeTest@693fe6c9]" started-at="2022-06-13T17:29:40 MSK" name="describeTest" finished-at="2022-06-13T17:29:40 MSK" duration-ms="1" status="PASS">
          <reporter-output>
          </reporter-output>
        </test-method> <!-- describeTest -->
        <test-method signature="climateZoneTest()[pri:0, instance:animalTest.mammal.primate.ChimpanzeeTest@693fe6c9]" started-at="2022-06-13T17:29:40 MSK" name="climateZoneTest" finished-at="2022-06-13T17:29:40 MSK" duration-ms="0" status="PASS">
          <reporter-output>
          </reporter-output>
        </test-method> <!-- climateZoneTest -->
        <test-method signature="ageTest()[pri:0, instance:animalTest.mammal.primate.ChimpanzeeTest@693fe6c9]" started-at="2022-06-13T17:29:40 MSK" name="ageTest" finished-at="2022-06-13T17:29:40 MSK" duration-ms="0" status="PASS">
          <exception class="com.epam.rd.tasks.zoo.exception.WrongAgeException">
            <message>
              <![CDATA[Age should be more than 0]]>
            </message>
            <full-stacktrace>
              <![CDATA[com.epam.rd.tasks.zoo.exception.WrongAgeException: Age should be more than 0
at com.epam.rd.tasks.zoo.animals.Animal.setAge(Animal.java:72)
at animalTest.mammal.primate.ChimpanzeeTest.ageTest(ChimpanzeeTest.java:37)
at java.base/jdk.internal.reflect.NativeMethodAccessorImpl.invoke0(Native Method)
at java.base/jdk.internal.reflect.NativeMethodAccessorImpl.invoke(NativeMethodAccessorImpl.java:62)
at java.base/jdk.internal.reflect.DelegatingMethodAccessorImpl.invoke(DelegatingMethodAccessorImpl.java:43)
at java.base/java.lang.reflect.Method.invoke(Method.java:566)
at org.testng.internal.invokers.MethodInvocationHelper.invokeMethod(MethodInvocationHelper.java:135)
at org.testng.internal.invokers.TestInvoker.invokeMethod(TestInvoker.java:673)
at org.testng.internal.invokers.TestInvoker.invokeTestMethod(TestInvoker.java:220)
at org.testng.internal.invokers.MethodRunner.runInSequence(MethodRunner.java:50)
at org.testng.internal.invokers.TestInvoker$MethodInvocationAgent.invoke(TestInvoker.java:945)
at org.testng.internal.invokers.TestInvoker.invokeTestMethods(TestInvoker.java:193)
at org.testng.internal.invokers.TestMethodWorker.invokeTestMethods(TestMethodWorker.java:146)
at org.testng.internal.invokers.TestMethodWorker.run(TestMethodWorker.java:128)
at java.base/java.util.ArrayList.forEach(ArrayList.java:1541)
at org.testng.TestRunner.privateRun(TestRunner.java:808)
at org.testng.TestRunner.run(TestRunner.java:603)
at org.testng.SuiteRunner.runTest(SuiteRunner.java:429)
at org.testng.SuiteRunner.runSequentially(SuiteRunner.java:423)
at org.testng.SuiteRunner.privateRun(SuiteRunner.java:383)
at org.testng.SuiteRunner.run(SuiteRunner.java:326)
at org.testng.SuiteRunnerWorker.runSuite(SuiteRunnerWorker.java:52)
at org.testng.SuiteRunnerWorker.run(SuiteRunnerWorker.java:95)
at org.testng.TestNG.runSuitesSequentially(TestNG.java:1249)
at org.testng.TestNG.runSuitesLocally(TestNG.java:1169)
at org.testng.TestNG.runSuites(TestNG.java:1092)
at org.testng.TestNG.run(TestNG.java:1060)
at org.apache.maven.surefire.testng.TestNGExecutor.run(TestNGExecutor.java:77)
at org.apache.maven.surefire.testng.TestNGDirectoryTestSuite.executeMulti(TestNGDirectoryTestSuite.java:159)
at org.apache.maven.surefire.testng.TestNGDirectoryTestSuite.execute(TestNGDirectoryTestSuite.java:99)
at org.apache.maven.surefire.testng.TestNGProvider.invoke(TestNGProvider.java:106)
at java.base/jdk.internal.reflect.NativeMethodAccessorImpl.invoke0(Native Method)
at java.base/jdk.internal.reflect.NativeMethodAccessorImpl.invoke(NativeMethodAccessorImpl.java:62)
at java.base/jdk.internal.reflect.DelegatingMethodAccessorImpl.invoke(DelegatingMethodAccessorImpl.java:43)
at java.base/java.lang.reflect.Method.invoke(Method.java:566)
at org.apache.maven.surefire.util.ReflectionUtils.invokeMethodWithArray(ReflectionUtils.java:189)
at org.apache.maven.surefire.booter.ProviderFactory$ProviderProxy.invoke(ProviderFactory.java:165)
at org.apache.maven.surefire.booter.ProviderFactory.invokeProvider(ProviderFactory.java:85)
at org.apache.maven.surefire.booter.ForkedBooter.runSuitesInProcess(ForkedBooter.java:115)
at org.apache.maven.surefire.booter.ForkedBooter.main(ForkedBooter.java:75)
]]>
            </full-stacktrace>
          </exception> <!-- com.epam.rd.tasks.zoo.exception.WrongAgeException -->
          <reporter-output>
          </reporter-output>
        </test-method> <!-- ageTest -->
        <test-method signature="livingZoneTest()[pri:0, instance:animalTest.mammal.primate.ChimpanzeeTest@693fe6c9]" started-at="2022-06-13T17:29:40 MSK" name="livingZoneTest" finished-at="2022-06-13T17:29:40 MSK" duration-ms="0" status="PASS">
          <reporter-output>
          </reporter-output>
        </test-method> <!-- livingZoneTest -->
        <test-method signature="nameTest()[pri:0, instance:animalTest.mammal.primate.ChimpanzeeTest@693fe6c9]" started-at="2022-06-13T17:29:40 MSK" name="nameTest" finished-at="2022-06-13T17:29:40 MSK" duration-ms="1" status="PASS">
          <reporter-output>
          </reporter-output>
        </test-method> <!-- nameTest -->
        <test-method signature="foodTest()[pri:0, instance:animalTest.mammal.primate.ChimpanzeeTest@693fe6c9]" started-at="2022-06-13T17:29:40 MSK" name="foodTest" finished-at="2022-06-13T17:29:40 MSK" duration-ms="0" status="PASS">
          <reporter-output>
          </reporter-output>
        </test-method> <!-- foodTest -->
      </class> <!-- animalTest.mammal.primate.ChimpanzeeTest -->
      <class name="animalTest.bird.anseriforme.GogolTest">
        <test-method signature="ageTest()[pri:0, instance:animalTest.bird.anseriforme.GogolTest@3738449f]" started-at="2022-06-13T17:29:40 MSK" name="ageTest" finished-at="2022-06-13T17:29:40 MSK" duration-ms="0" status="PASS">
          <exception class="com.epam.rd.tasks.zoo.exception.WrongAgeException">
            <message>
              <![CDATA[Age should be more than 0]]>
            </message>
            <full-stacktrace>
              <![CDATA[com.epam.rd.tasks.zoo.exception.WrongAgeException: Age should be more than 0
at com.epam.rd.tasks.zoo.animals.Animal.setAge(Animal.java:72)
at animalTest.bird.anseriforme.GogolTest.ageTest(GogolTest.java:38)
at java.base/jdk.internal.reflect.NativeMethodAccessorImpl.invoke0(Native Method)
at java.base/jdk.internal.reflect.NativeMethodAccessorImpl.invoke(NativeMethodAccessorImpl.java:62)
at java.base/jdk.internal.reflect.DelegatingMethodAccessorImpl.invoke(DelegatingMethodAccessorImpl.java:43)
at java.base/java.lang.reflect.Method.invoke(Method.java:566)
at org.testng.internal.invokers.MethodInvocationHelper.invokeMethod(MethodInvocationHelper.java:135)
at org.testng.internal.invokers.TestInvoker.invokeMethod(TestInvoker.java:673)
at org.testng.internal.invokers.TestInvoker.invokeTestMethod(TestInvoker.java:220)
at org.testng.internal.invokers.MethodRunner.runInSequence(MethodRunner.java:50)
at org.testng.internal.invokers.TestInvoker$MethodInvocationAgent.invoke(TestInvoker.java:945)
at org.testng.internal.invokers.TestInvoker.invokeTestMethods(TestInvoker.java:193)
at org.testng.internal.invokers.TestMethodWorker.invokeTestMethods(TestMethodWorker.java:146)
at org.testng.internal.invokers.TestMethodWorker.run(TestMethodWorker.java:128)
at java.base/java.util.ArrayList.forEach(ArrayList.java:1541)
at org.testng.TestRunner.privateRun(TestRunner.java:808)
at org.testng.TestRunner.run(TestRunner.java:603)
at org.testng.SuiteRunner.runTest(SuiteRunner.java:429)
at org.testng.SuiteRunner.runSequentially(SuiteRunner.java:423)
at org.testng.SuiteRunner.privateRun(SuiteRunner.java:383)
at org.testng.SuiteRunner.run(SuiteRunner.java:326)
at org.testng.SuiteRunnerWorker.runSuite(SuiteRunnerWorker.java:52)
at org.testng.SuiteRunnerWorker.run(SuiteRunnerWorker.java:95)
at org.testng.TestNG.runSuitesSequentially(TestNG.java:1249)
at org.testng.TestNG.runSuitesLocally(TestNG.java:1169)
at org.testng.TestNG.runSuites(TestNG.java:1092)
at org.testng.TestNG.run(TestNG.java:1060)
at org.apache.maven.surefire.testng.TestNGExecutor.run(TestNGExecutor.java:77)
at org.apache.maven.surefire.testng.TestNGDirectoryTestSuite.executeMulti(TestNGDirectoryTestSuite.java:159)
at org.apache.maven.surefire.testng.TestNGDirectoryTestSuite.execute(TestNGDirectoryTestSuite.java:99)
at org.apache.maven.surefire.testng.TestNGProvider.invoke(TestNGProvider.java:106)
at java.base/jdk.internal.reflect.NativeMethodAccessorImpl.invoke0(Native Method)
at java.base/jdk.internal.reflect.NativeMethodAccessorImpl.invoke(NativeMethodAccessorImpl.java:62)
at java.base/jdk.internal.reflect.DelegatingMethodAccessorImpl.invoke(DelegatingMethodAccessorImpl.java:43)
at java.base/java.lang.reflect.Method.invoke(Method.java:566)
at org.apache.maven.surefire.util.ReflectionUtils.invokeMethodWithArray(ReflectionUtils.java:189)
at org.apache.maven.surefire.booter.ProviderFactory$ProviderProxy.invoke(ProviderFactory.java:165)
at org.apache.maven.surefire.booter.ProviderFactory.invokeProvider(ProviderFactory.java:85)
at org.apache.maven.surefire.booter.ForkedBooter.runSuitesInProcess(ForkedBooter.java:115)
at org.apache.maven.surefire.booter.ForkedBooter.main(ForkedBooter.java:75)
]]>
            </full-stacktrace>
          </exception> <!-- com.epam.rd.tasks.zoo.exception.WrongAgeException -->
          <reporter-output>
          </reporter-output>
        </test-method> <!-- ageTest -->
        <test-method signature="describeTest()[pri:0, instance:animalTest.bird.anseriforme.GogolTest@3738449f]" started-at="2022-06-13T17:29:40 MSK" name="describeTest" finished-at="2022-06-13T17:29:40 MSK" duration-ms="0" status="PASS">
          <reporter-output>
          </reporter-output>
        </test-method> <!-- describeTest -->
        <test-method signature="climateZoneTest()[pri:0, instance:animalTest.bird.anseriforme.GogolTest@3738449f]" started-at="2022-06-13T17:29:40 MSK" name="climateZoneTest" finished-at="2022-06-13T17:29:40 MSK" duration-ms="0" status="PASS">
          <reporter-output>
          </reporter-output>
        </test-method> <!-- climateZoneTest -->
        <test-method signature="nameTest()[pri:0, instance:animalTest.bird.anseriforme.GogolTest@3738449f]" started-at="2022-06-13T17:29:40 MSK" name="nameTest" finished-at="2022-06-13T17:29:40 MSK" duration-ms="0" status="PASS">
          <reporter-output>
          </reporter-output>
        </test-method> <!-- nameTest -->
        <test-method signature="livingZoneTest()[pri:0, instance:animalTest.bird.anseriforme.GogolTest@3738449f]" started-at="2022-06-13T17:29:40 MSK" name="livingZoneTest" finished-at="2022-06-13T17:29:40 MSK" duration-ms="0" status="PASS">
          <reporter-output>
          </reporter-output>
        </test-method> <!-- livingZoneTest -->
        <test-method signature="foodTest()[pri:0, instance:animalTest.bird.anseriforme.GogolTest@3738449f]" started-at="2022-06-13T17:29:40 MSK" name="foodTest" finished-at="2022-06-13T17:29:40 MSK" duration-ms="0" status="PASS">
          <reporter-output>
          </reporter-output>
        </test-method> <!-- foodTest -->
      </class> <!-- animalTest.bird.anseriforme.GogolTest -->
      <class name="Test">
        <test-method signature="AnimalTest()[pri:0, instance:Test@101952da]" started-at="2022-06-13T17:29:40 MSK" name="AnimalTest" finished-at="2022-06-13T17:29:40 MSK" duration-ms="1" status="PASS">
          <reporter-output>
          </reporter-output>
        </test-method> <!-- AnimalTest -->
      </class> <!-- Test -->
      <class name="animalTest.arachnid.scorpio.ScorpioMotleyTest">
        <test-method signature="ageTest()[pri:0, instance:animalTest.arachnid.scorpio.ScorpioMotleyTest@55536d9e]" started-at="2022-06-13T17:29:40 MSK" name="ageTest" finished-at="2022-06-13T17:29:40 MSK" duration-ms="1" status="PASS">
          <exception class="com.epam.rd.tasks.zoo.exception.WrongAgeException">
            <message>
              <![CDATA[Age should be more than 0]]>
            </message>
            <full-stacktrace>
              <![CDATA[com.epam.rd.tasks.zoo.exception.WrongAgeException: Age should be more than 0
at com.epam.rd.tasks.zoo.animals.Animal.setAge(Animal.java:72)
at animalTest.arachnid.scorpio.ScorpioMotleyTest.ageTest(ScorpioMotleyTest.java:38)
at java.base/jdk.internal.reflect.NativeMethodAccessorImpl.invoke0(Native Method)
at java.base/jdk.internal.reflect.NativeMethodAccessorImpl.invoke(NativeMethodAccessorImpl.java:62)
at java.base/jdk.internal.reflect.DelegatingMethodAccessorImpl.invoke(DelegatingMethodAccessorImpl.java:43)
at java.base/java.lang.reflect.Method.invoke(Method.java:566)
at org.testng.internal.invokers.MethodInvocationHelper.invokeMethod(MethodInvocationHelper.java:135)
at org.testng.internal.invokers.TestInvoker.invokeMethod(TestInvoker.java:673)
at org.testng.internal.invokers.TestInvoker.invokeTestMethod(TestInvoker.java:220)
at org.testng.internal.invokers.MethodRunner.runInSequence(MethodRunner.java:50)
at org.testng.internal.invokers.TestInvoker$MethodInvocationAgent.invoke(TestInvoker.java:945)
at org.testng.internal.invokers.TestInvoker.invokeTestMethods(TestInvoker.java:193)
at org.testng.internal.invokers.TestMethodWorker.invokeTestMethods(TestMethodWorker.java:146)
at org.testng.internal.invokers.TestMethodWorker.run(TestMethodWorker.java:128)
at java.base/java.util.ArrayList.forEach(ArrayList.java:1541)
at org.testng.TestRunner.privateRun(TestRunner.java:808)
at org.testng.TestRunner.run(TestRunner.java:603)
at org.testng.SuiteRunner.runTest(SuiteRunner.java:429)
at org.testng.SuiteRunner.runSequentially(SuiteRunner.java:423)
at org.testng.SuiteRunner.privateRun(SuiteRunner.java:383)
at org.testng.SuiteRunner.run(SuiteRunner.java:326)
at org.testng.SuiteRunnerWorker.runSuite(SuiteRunnerWorker.java:52)
at org.testng.SuiteRunnerWorker.run(SuiteRunnerWorker.java:95)
at org.testng.TestNG.runSuitesSequentially(TestNG.java:1249)
at org.testng.TestNG.runSuitesLocally(TestNG.java:1169)
at org.testng.TestNG.runSuites(TestNG.java:1092)
at org.testng.TestNG.run(TestNG.java:1060)
at org.apache.maven.surefire.testng.TestNGExecutor.run(TestNGExecutor.java:77)
at org.apache.maven.surefire.testng.TestNGDirectoryTestSuite.executeMulti(TestNGDirectoryTestSuite.java:159)
at org.apache.maven.surefire.testng.TestNGDirectoryTestSuite.execute(TestNGDirectoryTestSuite.java:99)
at org.apache.maven.surefire.testng.TestNGProvider.invoke(TestNGProvider.java:106)
at java.base/jdk.internal.reflect.NativeMethodAccessorImpl.invoke0(Native Method)
at java.base/jdk.internal.reflect.NativeMethodAccessorImpl.invoke(NativeMethodAccessorImpl.java:62)
at java.base/jdk.internal.reflect.DelegatingMethodAccessorImpl.invoke(DelegatingMethodAccessorImpl.java:43)
at java.base/java.lang.reflect.Method.invoke(Method.java:566)
at org.apache.maven.surefire.util.ReflectionUtils.invokeMethodWithArray(ReflectionUtils.java:189)
at org.apache.maven.surefire.booter.ProviderFactory$ProviderProxy.invoke(ProviderFactory.java:165)
at org.apache.maven.surefire.booter.ProviderFactory.invokeProvider(ProviderFactory.java:85)
at org.apache.maven.surefire.booter.ForkedBooter.runSuitesInProcess(ForkedBooter.java:115)
at org.apache.maven.surefire.booter.ForkedBooter.main(ForkedBooter.java:75)
]]>
            </full-stacktrace>
          </exception> <!-- com.epam.rd.tasks.zoo.exception.WrongAgeException -->
          <reporter-output>
          </reporter-output>
        </test-method> <!-- ageTest -->
        <test-method signature="climateZoneTest()[pri:0, instance:animalTest.arachnid.scorpio.ScorpioMotleyTest@55536d9e]" started-at="2022-06-13T17:29:40 MSK" name="climateZoneTest" finished-at="2022-06-13T17:29:40 MSK" duration-ms="0" status="PASS">
          <reporter-output>
          </reporter-output>
        </test-method> <!-- climateZoneTest -->
        <test-method signature="describeTest()[pri:0, instance:animalTest.arachnid.scorpio.ScorpioMotleyTest@55536d9e]" started-at="2022-06-13T17:29:40 MSK" name="describeTest" finished-at="2022-06-13T17:29:40 MSK" duration-ms="0" status="PASS">
          <reporter-output>
          </reporter-output>
        </test-method> <!-- describeTest -->
        <test-method signature="foodTest()[pri:0, instance:animalTest.arachnid.scorpio.ScorpioMotleyTest@55536d9e]" started-at="2022-06-13T17:29:40 MSK" name="foodTest" finished-at="2022-06-13T17:29:40 MSK" duration-ms="0" status="PASS">
          <reporter-output>
          </reporter-output>
        </test-method> <!-- foodTest -->
        <test-method signature="livingZoneTest()[pri:0, instance:animalTest.arachnid.scorpio.ScorpioMotleyTest@55536d9e]" started-at="2022-06-13T17:29:40 MSK" name="livingZoneTest" finished-at="2022-06-13T17:29:40 MSK" duration-ms="0" status="PASS">
          <reporter-output>
          </reporter-output>
        </test-method> <!-- livingZoneTest -->
        <test-method signature="nameTest()[pri:0, instance:animalTest.arachnid.scorpio.ScorpioMotleyTest@55536d9e]" started-at="2022-06-13T17:29:40 MSK" name="nameTest" finished-at="2022-06-13T17:29:40 MSK" duration-ms="0" status="PASS">
          <reporter-output>
          </reporter-output>
        </test-method> <!-- nameTest -->
      </class> <!-- animalTest.arachnid.scorpio.ScorpioMotleyTest -->
      <class name="financeTest.income.TicketTest">
        <test-method signature="costTest()[pri:0, instance:financeTest.income.TicketTest@50b5ac82]" started-at="2022-06-13T17:29:40 MSK" name="costTest" finished-at="2022-06-13T17:29:40 MSK" duration-ms="0" status="PASS">
          <reporter-output>
          </reporter-output>
        </test-method> <!-- costTest -->
        <test-method signature="describeTest()[pri:0, instance:financeTest.income.TicketTest@50b5ac82]" started-at="2022-06-13T17:29:40 MSK" name="describeTest" finished-at="2022-06-13T17:29:40 MSK" duration-ms="0" status="PASS">
          <reporter-output>
          </reporter-output>
        </test-method> <!-- describeTest -->
      </class> <!-- financeTest.income.TicketTest -->
      <class name="animalTest.bird.penguin.RoyalPenguinTest">
        <test-method signature="climateZoneTest()[pri:0, instance:animalTest.bird.penguin.RoyalPenguinTest@53976f5c]" started-at="2022-06-13T17:29:40 MSK" name="climateZoneTest" finished-at="2022-06-13T17:29:40 MSK" duration-ms="0" status="PASS">
          <reporter-output>
          </reporter-output>
        </test-method> <!-- climateZoneTest -->
        <test-method signature="describeTest()[pri:0, instance:animalTest.bird.penguin.RoyalPenguinTest@53976f5c]" started-at="2022-06-13T17:29:40 MSK" name="describeTest" finished-at="2022-06-13T17:29:40 MSK" duration-ms="1" status="PASS">
          <reporter-output>
          </reporter-output>
        </test-method> <!-- describeTest -->
        <test-method signature="ageTest()[pri:0, instance:animalTest.bird.penguin.RoyalPenguinTest@53976f5c]" started-at="2022-06-13T17:29:40 MSK" name="ageTest" finished-at="2022-06-13T17:29:40 MSK" duration-ms="0" status="PASS">
          <exception class="com.epam.rd.tasks.zoo.exception.WrongAgeException">
            <message>
              <![CDATA[Age should be more than 0]]>
            </message>
            <full-stacktrace>
              <![CDATA[com.epam.rd.tasks.zoo.exception.WrongAgeException: Age should be more than 0
at com.epam.rd.tasks.zoo.animals.Animal.setAge(Animal.java:72)
at animalTest.bird.penguin.RoyalPenguinTest.ageTest(RoyalPenguinTest.java:38)
at java.base/jdk.internal.reflect.NativeMethodAccessorImpl.invoke0(Native Method)
at java.base/jdk.internal.reflect.NativeMethodAccessorImpl.invoke(NativeMethodAccessorImpl.java:62)
at java.base/jdk.internal.reflect.DelegatingMethodAccessorImpl.invoke(DelegatingMethodAccessorImpl.java:43)
at java.base/java.lang.reflect.Method.invoke(Method.java:566)
at org.testng.internal.invokers.MethodInvocationHelper.invokeMethod(MethodInvocationHelper.java:135)
at org.testng.internal.invokers.TestInvoker.invokeMethod(TestInvoker.java:673)
at org.testng.internal.invokers.TestInvoker.invokeTestMethod(TestInvoker.java:220)
at org.testng.internal.invokers.MethodRunner.runInSequence(MethodRunner.java:50)
at org.testng.internal.invokers.TestInvoker$MethodInvocationAgent.invoke(TestInvoker.java:945)
at org.testng.internal.invokers.TestInvoker.invokeTestMethods(TestInvoker.java:193)
at org.testng.internal.invokers.TestMethodWorker.invokeTestMethods(TestMethodWorker.java:146)
at org.testng.internal.invokers.TestMethodWorker.run(TestMethodWorker.java:128)
at java.base/java.util.ArrayList.forEach(ArrayList.java:1541)
at org.testng.TestRunner.privateRun(TestRunner.java:808)
at org.testng.TestRunner.run(TestRunner.java:603)
at org.testng.SuiteRunner.runTest(SuiteRunner.java:429)
at org.testng.SuiteRunner.runSequentially(SuiteRunner.java:423)
at org.testng.SuiteRunner.privateRun(SuiteRunner.java:383)
at org.testng.SuiteRunner.run(SuiteRunner.java:326)
at org.testng.SuiteRunnerWorker.runSuite(SuiteRunnerWorker.java:52)
at org.testng.SuiteRunnerWorker.run(SuiteRunnerWorker.java:95)
at org.testng.TestNG.runSuitesSequentially(TestNG.java:1249)
at org.testng.TestNG.runSuitesLocally(TestNG.java:1169)
at org.testng.TestNG.runSuites(TestNG.java:1092)
at org.testng.TestNG.run(TestNG.java:1060)
at org.apache.maven.surefire.testng.TestNGExecutor.run(TestNGExecutor.java:77)
at org.apache.maven.surefire.testng.TestNGDirectoryTestSuite.executeMulti(TestNGDirectoryTestSuite.java:159)
at org.apache.maven.surefire.testng.TestNGDirectoryTestSuite.execute(TestNGDirectoryTestSuite.java:99)
at org.apache.maven.surefire.testng.TestNGProvider.invoke(TestNGProvider.java:106)
at java.base/jdk.internal.reflect.NativeMethodAccessorImpl.invoke0(Native Method)
at java.base/jdk.internal.reflect.NativeMethodAccessorImpl.invoke(NativeMethodAccessorImpl.java:62)
at java.base/jdk.internal.reflect.DelegatingMethodAccessorImpl.invoke(DelegatingMethodAccessorImpl.java:43)
at java.base/java.lang.reflect.Method.invoke(Method.java:566)
at org.apache.maven.surefire.util.ReflectionUtils.invokeMethodWithArray(ReflectionUtils.java:189)
at org.apache.maven.surefire.booter.ProviderFactory$ProviderProxy.invoke(ProviderFactory.java:165)
at org.apache.maven.surefire.booter.ProviderFactory.invokeProvider(ProviderFactory.java:85)
at org.apache.maven.surefire.booter.ForkedBooter.runSuitesInProcess(ForkedBooter.java:115)
at org.apache.maven.surefire.booter.ForkedBooter.main(ForkedBooter.java:75)
]]>
            </full-stacktrace>
          </exception> <!-- com.epam.rd.tasks.zoo.exception.WrongAgeException -->
          <reporter-output>
          </reporter-output>
        </test-method> <!-- ageTest -->
        <test-method signature="nameTest()[pri:0, instance:animalTest.bird.penguin.RoyalPenguinTest@53976f5c]" started-at="2022-06-13T17:29:40 MSK" name="nameTest" finished-at="2022-06-13T17:29:40 MSK" duration-ms="0" status="PASS">
          <reporter-output>
          </reporter-output>
        </test-method> <!-- nameTest -->
        <test-method signature="foodTest()[pri:0, instance:animalTest.bird.penguin.RoyalPenguinTest@53976f5c]" started-at="2022-06-13T17:29:40 MSK" name="foodTest" finished-at="2022-06-13T17:29:40 MSK" duration-ms="0" status="PASS">
          <reporter-output>
          </reporter-output>
        </test-method> <!-- foodTest -->
        <test-method signature="livingZoneTest()[pri:0, instance:animalTest.bird.penguin.RoyalPenguinTest@53976f5c]" started-at="2022-06-13T17:29:40 MSK" name="livingZoneTest" finished-at="2022-06-13T17:29:40 MSK" duration-ms="0" status="PASS">
          <reporter-output>
          </reporter-output>
        </test-method> <!-- livingZoneTest -->
      </class> <!-- animalTest.bird.penguin.RoyalPenguinTest -->
      <class name="animalTest.reptile.scaled.PythonTest">
        <test-method signature="ageTest()[pri:0, instance:animalTest.reptile.scaled.PythonTest@702b8b12]" started-at="2022-06-13T17:29:40 MSK" name="ageTest" finished-at="2022-06-13T17:29:40 MSK" duration-ms="0" status="PASS">
          <exception class="com.epam.rd.tasks.zoo.exception.WrongAgeException">
            <message>
              <![CDATA[Age should be more than 0]]>
            </message>
            <full-stacktrace>
              <![CDATA[com.epam.rd.tasks.zoo.exception.WrongAgeException: Age should be more than 0
at com.epam.rd.tasks.zoo.animals.Animal.setAge(Animal.java:72)
at animalTest.reptile.scaled.PythonTest.ageTest(PythonTest.java:38)
at java.base/jdk.internal.reflect.NativeMethodAccessorImpl.invoke0(Native Method)
at java.base/jdk.internal.reflect.NativeMethodAccessorImpl.invoke(NativeMethodAccessorImpl.java:62)
at java.base/jdk.internal.reflect.DelegatingMethodAccessorImpl.invoke(DelegatingMethodAccessorImpl.java:43)
at java.base/java.lang.reflect.Method.invoke(Method.java:566)
[...]
at java.base/jdk.internal.reflect.NativeMethodAccessorImpl.invoke0(Native Method)
at java.base/jdk.internal.reflect.NativeMethodAccessorImpl.invoke(NativeMethodAccessorImpl.java:62)
at java.base/jdk.internal.reflect.DelegatingMethodAccessorImpl.invoke(DelegatingMethodAccessorImpl.java:43)
at java.base/java.lang.reflect.Method.invoke(Method.java:566)
at org.apache.maven.surefire.util.ReflectionUtils.invokeMethodWithArray(ReflectionUtils.java:189)
at org.apache.maven.surefire.booter.ProviderFactory$ProviderProxy.invoke(ProviderFactory.java:165)
at org.apache.maven.surefire.booter.ProviderFactory.invokeProvider(ProviderFactory.java:85)
at org.apache.maven.surefire.booter.ForkedBooter.runSuitesInProcess(ForkedBooter.java:115)
at org.apache.maven.surefire.booter.ForkedBooter.main(ForkedBooter.java:75)
]]>
            </full-stacktrace>
          </exception> <!-- com.epam.rd.tasks.zoo.exception.WrongAgeException -->
          <reporter-output>
          </reporter-output>
        </test-method> <!-- ageTest -->
        <test-method signature="climateZoneTest()[pri:0, instance:animalTest.arachnid.spider.BirdmanTest@62230c58]" started-at="2022-06-13T17:29:40 MSK" name="climateZoneTest" finished-at="2022-06-13T17:29:40 MSK" duration-ms="0" status="PASS">
          <reporter-output>
          </reporter-output>
        </test-method> <!-- climateZoneTest -->
        <test-method signature="describeTest()[pri:0, instance:animalTest.arachnid.spider.BirdmanTest@62230c58]" started-at="2022-06-13T17:29:40 MSK" name="describeTest" finished-at="2022-06-13T17:29:40 MSK" duration-ms="0" status="PASS">
          <reporter-output>
          </reporter-output>
        </test-method> <!-- describeTest -->
        <test-method signature="foodTest()[pri:0, instance:animalTest.arachnid.spider.BirdmanTest@62230c58]" started-at="2022-06-13T17:29:40 MSK" name="foodTest" finished-at="2022-06-13T17:29:40 MSK" duration-ms="0" status="PASS">
          <reporter-output>
          </reporter-output>
        </test-method> <!-- foodTest -->
        <test-method signature="livingZoneTest()[pri:0, instance:animalTest.arachnid.spider.BirdmanTest@62230c58]" started-at="2022-06-13T17:29:40 MSK" name="livingZoneTest" finished-at="2022-06-13T17:29:40 MSK" duration-ms="0" status="PASS">
          <reporter-output>
          </reporter-output>
        </test-method> <!-- livingZoneTest -->
        <test-method signature="nameTest()[pri:0, instance:animalTest.arachnid.spider.BirdmanTest@62230c58]" started-at="2022-06-13T17:29:40 MSK" name="nameTest" finished-at="2022-06-13T17:29:40 MSK" duration-ms="0" status="PASS">
          <reporter-output>
          </reporter-output>
        </test-method> <!-- nameTest -->
      </class> <!-- animalTest.arachnid.spider.BirdmanTest -->
      <class name="animalTest.crustacean.highercancers.CrabTest">
        <test-method signature="ageTest()[pri:0, instance:animalTest.crustacean.highercancers.CrabTest@44821a96]" started-at="2022-06-13T17:29:40 MSK" name="ageTest" finished-at="2022-06-13T17:29:40 MSK" duration-ms="0" status="PASS">
          <exception class="com.epam.rd.tasks.zoo.exception.WrongAgeException">
            <message>
              <![CDATA[Age should be more than 0]]>
            </message>
            <full-stacktrace>
              <![CDATA[com.epam.rd.tasks.zoo.exception.WrongAgeException: Age should be more than 0
at com.epam.rd.tasks.zoo.animals.Animal.setAge(Animal.java:72)
at animalTest.crustacean.highercancers.CrabTest.ageTest(CrabTest.java:38)
at java.base/jdk.internal.reflect.NativeMethodAccessorImpl.invoke0(Native Method)
at java.base/jdk.internal.reflect.NativeMethodAccessorImpl.invoke(NativeMethodAccessorImpl.java:62)
at java.base/jdk.internal.reflect.DelegatingMethodAccessorImpl.invoke(DelegatingMethodAccessorImpl.java:43)
at java.base/java.lang.reflect.Method.invoke(Method.java:566)
at org.testng.internal.invokers.MethodInvocationHelper.invokeMethod(MethodInvocationHelper.java:135)
at org.testng.internal.invokers.TestInvoker.invokeMethod(TestInvoker.java:673)
at org.testng.internal.invokers.TestInvoker.invokeTestMethod(TestInvoker.java:220)
at org.testng.internal.invokers.MethodRunner.runInSequence(MethodRunner.java:50)
at org.testng.internal.invokers.TestInvoker$MethodInvocationAgent.invoke(TestInvoker.java:945)
at org.testng.internal.invokers.TestInvoker.invokeTestMethods(TestInvoker.java:193)
at org.testng.internal.invokers.TestMethodWorker.invokeTestMethods(TestMethodWorker.java:146)
at org.testng.internal.invokers.TestMethodWorker.run(TestMethodWorker.java:128)
at java.base/java.util.ArrayList.forEach(ArrayList.java:1541)
at org.testng.TestRunner.privateRun(TestRunner.java:808)
at org.testng.TestRunner.run(TestRunner.java:603)
at org.testng.SuiteRunner.runTest(SuiteRunner.java:429)
at org.testng.SuiteRunner.runSequentially(SuiteRunner.java:423)
at org.testng.SuiteRunner.privateRun(SuiteRunner.java:383)
at org.testng.SuiteRunner.run(SuiteRunner.java:326)
at org.testng.SuiteRunnerWorker.runSuite(SuiteRunnerWorker.java:52)
at org.testng.SuiteRunnerWorker.run(SuiteRunnerWorker.java:95)
at org.testng.TestNG.runSuitesSequentially(TestNG.java:1249)
at org.testng.TestNG.runSuitesLocally(TestNG.java:1169)
at org.testng.TestNG.runSuites(TestNG.java:1092)
at org.testng.TestNG.run(TestNG.java:1060)
at org.apache.maven.surefire.testng.TestNGExecutor.run(TestNGExecutor.java:77)
at org.apache.maven.surefire.testng.TestNGDirectoryTestSuite.executeMulti(TestNGDirectoryTestSuite.java:159)
at org.apache.maven.surefire.testng.TestNGDirectoryTestSuite.execute(TestNGDirectoryTestSuite.java:99)
at org.apache.maven.surefire.testng.TestNGProvider.invoke(TestNGProvider.java:106)
at java.base/jdk.internal.reflect.NativeMethodAccessorImpl.invoke0(Native Method)
at java.base/jdk.internal.reflect.NativeMethodAccessorImpl.invoke(NativeMethodAccessorImpl.java:62)
at java.base/jdk.internal.reflect.DelegatingMethodAccessorImpl.invoke(DelegatingMethodAccessorImpl.java:43)
at java.base/java.lang.reflect.Method.invoke(Method.java:566)
at org.apache.maven.surefire.util.ReflectionUtils.invokeMethodWithArray(ReflectionUtils.java:189)
at org.apache.maven.surefire.booter.ProviderFactory$ProviderProxy.invoke(ProviderFactory.java:165)
at org.apache.maven.surefire.booter.ProviderFactory.invokeProvider(ProviderFactory.java:85)
at org.apache.maven.surefire.booter.ForkedBooter.runSuitesInProcess(ForkedBooter.java:115)
at org.apache.maven.surefire.booter.ForkedBooter.main(ForkedBooter.java:75)
]]>
            </full-stacktrace>
          </exception> <!-- com.epam.rd.tasks.zoo.exception.WrongAgeException -->
          <reporter-output>
          </reporter-output>
        </test-method> <!-- ageTest -->
        <test-method signature="foodTest()[pri:0, instance:animalTest.crustacean.highercancers.CrabTest@44821a96]" started-at="2022-06-13T17:29:40 MSK" name="foodTest" finished-at="2022-06-13T17:29:40 MSK" duration-ms="1" status="PASS">
          <reporter-output>
          </reporter-output>
        </test-method> <!-- foodTest -->
        <test-method signature="climateZoneTest()[pri:0, instance:animalTest.crustacean.highercancers.CrabTest@44821a96]" started-at="2022-06-13T17:29:40 MSK" name="climateZoneTest" finished-at="2022-06-13T17:29:40 MSK" duration-ms="0" status="PASS">
          <reporter-output>
          </reporter-output>
        </test-method> <!-- climateZoneTest -->
        <test-method signature="describeTest()[pri:0, instance:animalTest.crustacean.highercancers.CrabTest@44821a96]" started-at="2022-06-13T17:29:40 MSK" name="describeTest" finished-at="2022-06-13T17:29:40 MSK" duration-ms="0" status="PASS">
          <reporter-output>
          </reporter-output>
        </test-method> <!-- describeTest -->
        <test-method signature="nameTest()[pri:0, instance:animalTest.crustacean.highercancers.CrabTest@44821a96]" started-at="2022-06-13T17:29:40 MSK" name="nameTest" finished-at="2022-06-13T17:29:40 MSK" duration-ms="0" status="PASS">
          <reporter-output>
          </reporter-output>
        </test-method> <!-- nameTest -->
        <test-method signature="livingZoneTest()[pri:0, instance:animalTest.crustacean.highercancers.CrabTest@44821a96]" started-at="2022-06-13T17:29:40 MSK" name="livingZoneTest" finished-at="2022-06-13T17:29:40 MSK" duration-ms="0" status="PASS">
          <reporter-output>
          </reporter-output>
        </test-method> <!-- livingZoneTest -->
      </class> <!-- animalTest.crustacean.highercancers.CrabTest -->
      <class name="animalTest.reptile.scaled.ChameleonTest">
        <test-method signature="describeTest()[pri:0, instance:animalTest.reptile.scaled.ChameleonTest@1b6e1eff]" started-at="2022-06-13T17:29:40 MSK" name="describeTest" finished-at="2022-06-13T17:29:40 MSK" duration-ms="1" status="PASS">
          <reporter-output>
          </reporter-output>
        </test-method> <!-- describeTest -->
        <test-method signature="climateZoneTest()[pri:0, instance:animalTest.reptile.scaled.ChameleonTest@1b6e1eff]" started-at="2022-06-13T17:29:40 MSK" name="climateZoneTest" finished-at="2022-06-13T17:29:40 MSK" duration-ms="0" status="PASS">
          <reporter-output>
          </reporter-output>
        </test-method> <!-- climateZoneTest -->
        <test-method signature="ageTest()[pri:0, instance:animalTest.reptile.scaled.ChameleonTest@1b6e1eff]" started-at="2022-06-13T17:29:40 MSK" name="ageTest" finished-at="2022-06-13T17:29:40 MSK" duration-ms="0" status="PASS">
          <exception class="com.epam.rd.tasks.zoo.exception.WrongAgeException">
            <message>
              <![CDATA[Age should be more than 0]]>
            </message>
            <full-stacktrace>
              <![CDATA[com.epam.rd.tasks.zoo.exception.WrongAgeException: Age should be more than 0
at com.epam.rd.tasks.zoo.animals.Animal.setAge(Animal.java:72)
at animalTest.reptile.scaled.ChameleonTest.ageTest(ChameleonTest.java:38)
at java.base/jdk.internal.reflect.NativeMethodAccessorImpl.invoke0(Native Method)
at java.base/jdk.internal.reflect.NativeMethodAccessorImpl.invoke(NativeMethodAccessorImpl.java:62)
at java.base/jdk.internal.reflect.DelegatingMethodAccessorImpl.invoke(DelegatingMethodAccessorImpl.java:43)
at java.base/java.lang.reflect.Method.invoke(Method.java:566)
at org.testng.internal.invokers.MethodInvocationHelper.invokeMethod(MethodInvocationHelper.java:135)
at org.testng.internal.invokers.TestInvoker.invokeMethod(TestInvoker.java:673)
at org.testng.internal.invokers.TestInvoker.invokeTestMethod(TestInvoker.java:220)
at org.testng.internal.invokers.MethodRunner.runInSequence(MethodRunner.java:50)
at org.testng.internal.invokers.TestInvoker$MethodInvocationAgent.invoke(TestInvoker.java:945)
at org.testng.internal.invokers.TestInvoker.invokeTestMethods(TestInvoker.java:193)
at org.testng.internal.invokers.TestMethodWorker.invokeTestMethods(TestMethodWorker.java:146)
at org.testng.internal.invokers.TestMethodWorker.run(TestMethodWorker.java:128)
at java.base/java.util.ArrayList.forEach(ArrayList.java:1541)
at org.testng.TestRunner.privateRun(TestRunner.java:808)
at org.testng.TestRunner.run(TestRunner.java:603)
at org.testng.SuiteRunner.runTest(SuiteRunner.java:429)
at org.testng.SuiteRunner.runSequentially(SuiteRunner.java:423)
at org.testng.SuiteRunner.privateRun(SuiteRunner.java:383)
at org.testng.SuiteRunner.run(SuiteRunner.java:326)
at org.testng.SuiteRunnerWorker.runSuite(SuiteRunnerWorker.java:52)
at org.testng.SuiteRunnerWorker.run(SuiteRunnerWorker.java:95)
at org.testng.TestNG.runSuitesSequentially(TestNG.java:1249)
at org.testng.TestNG.runSuitesLocally(TestNG.java:1169)
at org.testng.TestNG.runSuites(TestNG.java:1092)
at org.testng.TestNG.run(TestNG.java:1060)
at org.apache.maven.surefire.testng.TestNGExecutor.run(TestNGExecutor.java:77)
at org.apache.maven.surefire.testng.TestNGDirectoryTestSuite.executeMulti(TestNGDirectoryTestSuite.java:159)
at org.apache.maven.surefire.testng.TestNGDirectoryTestSuite.execute(TestNGDirectoryTestSuite.java:99)
at org.apache.maven.surefire.testng.TestNGProvider.invoke(TestNGProvider.java:106)
at java.base/jdk.internal.reflect.NativeMethodAccessorImpl.invoke0(Native Method)
at java.base/jdk.internal.reflect.NativeMethodAccessorImpl.invoke(NativeMethodAccessorImpl.java:62)
at java.base/jdk.internal.reflect.DelegatingMethodAccessorImpl.invoke(DelegatingMethodAccessorImpl.java:43)
at java.base/java.lang.reflect.Method.invoke(Method.java:566)
at org.apache.maven.surefire.util.ReflectionUtils.invokeMethodWithArray(ReflectionUtils.java:189)
at org.apache.maven.surefire.booter.ProviderFactory$ProviderProxy.invoke(ProviderFactory.java:165)
at org.apache.maven.surefire.booter.ProviderFactory.invokeProvider(ProviderFactory.java:85)
at org.apache.maven.surefire.booter.ForkedBooter.runSuitesInProcess(ForkedBooter.java:115)
at org.apache.maven.surefire.booter.ForkedBooter.main(ForkedBooter.java:75)
]]>
            </full-stacktrace>
          </exception> <!-- com.epam.rd.tasks.zoo.exception.WrongAgeException -->
          <reporter-output>
          </reporter-output>
        </test-method> <!-- ageTest -->
        <test-method signature="foodTest()[pri:0, instance:animalTest.reptile.scaled.ChameleonTest@1b6e1eff]" started-at="2022-06-13T17:29:40 MSK" name="foodTest" finished-at="2022-06-13T17:29:40 MSK" duration-ms="0" status="PASS">
          <reporter-output>
          </reporter-output>
        </test-method> <!-- foodTest -->
        <test-method signature="livingZoneTest()[pri:0, instance:animalTest.reptile.scaled.ChameleonTest@1b6e1eff]" started-at="2022-06-13T17:29:40 MSK" name="livingZoneTest" finished-at="2022-06-13T17:29:40 MSK" duration-ms="0" status="PASS">
          <reporter-output>
          </reporter-output>
        </test-method> <!-- livingZoneTest -->
        <test-method signature="nameTest()[pri:0, instance:animalTest.reptile.scaled.ChameleonTest@1b6e1eff]" started-at="2022-06-13T17:29:40 MSK" name="nameTest" finished-at="2022-06-13T17:29:40 MSK" duration-ms="0" status="PASS">
          <reporter-output>
          </reporter-output>
        </test-method> <!-- nameTest -->
      </class> <!-- animalTest.reptile.scaled.ChameleonTest -->
      <class name="animalTest.bird.anseriforme.EiderDuckTest">
        <test-method signature="ageTest()[pri:0, instance:animalTest.bird.anseriforme.EiderDuckTest@e7edb54]" started-at="2022-06-13T17:29:40 MSK" name="ageTest" finished-at="2022-06-13T17:29:40 MSK" duration-ms="0" status="PASS">
          <exception class="com.epam.rd.tasks.zoo.exception.WrongAgeException">
            <message>
              <![CDATA[Age should be more than 0]]>
            </message>
            <full-stacktrace>
              <![CDATA[com.epam.rd.tasks.zoo.exception.WrongAgeException: Age should be more than 0
at com.epam.rd.tasks.zoo.animals.Animal.setAge(Animal.java:72)
at animalTest.bird.anseriforme.EiderDuckTest.ageTest(EiderDuckTest.java:38)
at java.base/jdk.internal.reflect.NativeMethodAccessorImpl.invoke0(Native Method)
at java.base/jdk.internal.reflect.NativeMethodAccessorImpl.invoke(NativeMethodAccessorImpl.java:62)
at java.base/jdk.internal.reflect.DelegatingMethodAccessorImpl.invoke(DelegatingMethodAccessorImpl.java:43)
at java.base/java.lang.reflect.Method.invoke(Method.java:566)
at org.testng.internal.invokers.MethodInvocationHelper.invokeMethod(MethodInvocationHelper.java:135)
at org.testng.internal.invokers.TestInvoker.invokeMethod(TestInvoker.java:673)
at org.testng.internal.invokers.TestInvoker.invokeTestMethod(TestInvoker.java:220)
at org.testng.internal.invokers.MethodRunner.runInSequence(MethodRunner.java:50)
at org.testng.internal.invokers.TestInvoker$MethodInvocationAgent.invoke(TestInvoker.java:945)
at org.testng.internal.invokers.TestInvoker.invokeTestMethods(TestInvoker.java:193)
at org.testng.internal.invokers.TestMethodWorker.invokeTestMethods(TestMethodWorker.java:146)
at org.testng.internal.invokers.TestMethodWorker.run(TestMethodWorker.java:128)
at java.base/java.util.ArrayList.forEach(ArrayList.java:1541)
at org.testng.TestRunner.privateRun(TestRunner.java:808)
at org.testng.TestRunner.run(TestRunner.java:603)
at org.testng.SuiteRunner.runTest(SuiteRunner.java:429)
at org.testng.SuiteRunner.runSequentially(SuiteRunner.java:423)
at org.testng.SuiteRunner.privateRun(SuiteRunner.java:383)
at org.testng.SuiteRunner.run(SuiteRunner.java:326)
at org.testng.SuiteRunnerWorker.runSuite(SuiteRunnerWorker.java:52)
at org.testng.SuiteRunnerWorker.run(SuiteRunnerWorker.java:95)
at org.testng.TestNG.runSuitesSequentially(TestNG.java:1249)
at org.testng.TestNG.runSuitesLocally(TestNG.java:1169)
at org.testng.TestNG.runSuites(TestNG.java:1092)
at org.testng.TestNG.run(TestNG.java:1060)
at org.apache.maven.surefire.testng.TestNGExecutor.run(TestNGExecutor.java:77)
at org.apache.maven.surefire.testng.TestNGDirectoryTestSuite.executeMulti(TestNGDirectoryTestSuite.java:159)
at org.apache.maven.surefire.testng.TestNGDirectoryTestSuite.execute(TestNGDirectoryTestSuite.java:99)
at org.apache.maven.surefire.testng.TestNGProvider.invoke(TestNGProvider.java:106)
at java.base/jdk.internal.reflect.NativeMethodAccessorImpl.invoke0(Native Method)
at java.base/jdk.internal.reflect.NativeMethodAccessorImpl.invoke(NativeMethodAccessorImpl.java:62)
at java.base/jdk.internal.reflect.DelegatingMethodAccessorImpl.invoke(DelegatingMethodAccessorImpl.java:43)
at java.base/java.lang.reflect.Method.invoke(Method.java:566)
at org.apache.maven.surefire.util.ReflectionUtils.invokeMethodWithArray(ReflectionUtils.java:189)
at org.apache.maven.surefire.booter.ProviderFactory$ProviderProxy.invoke(ProviderFactory.java:165)
at org.apache.maven.surefire.booter.ProviderFactory.invokeProvider(ProviderFactory.java:85)
at org.apache.maven.surefire.booter.ForkedBooter.runSuitesInProcess(ForkedBooter.java:115)
at org.apache.maven.surefire.booter.ForkedBooter.main(ForkedBooter.java:75)
]]>
            </full-stacktrace>
          </exception> <!-- com.epam.rd.tasks.zoo.exception.WrongAgeException -->
          <reporter-output>
          </reporter-output>
        </test-method> <!-- ageTest -->
        <test-method signature="climateZoneTest()[pri:0, instance:animalTest.bird.anseriforme.EiderDuckTest@e7edb54]" started-at="2022-06-13T17:29:40 MSK" name="climateZoneTest" finished-at="2022-06-13T17:29:40 MSK" duration-ms="0" status="PASS">
          <reporter-output>
          </reporter-output>
        </test-method> <!-- climateZoneTest -->
        <test-method signature="foodTest()[pri:0, instance:animalTest.bird.anseriforme.EiderDuckTest@e7edb54]" started-at="2022-06-13T17:29:40 MSK" name="foodTest" finished-at="2022-06-13T17:29:40 MSK" duration-ms="0" status="PASS">
          <reporter-output>
          </reporter-output>
        </test-method> <!-- foodTest -->
        <test-method signature="describeTest()[pri:0, instance:animalTest.bird.anseriforme.EiderDuckTest@e7edb54]" started-at="2022-06-13T17:29:40 MSK" name="describeTest" finished-at="2022-06-13T17:29:40 MSK" duration-ms="0" status="PASS">
          <reporter-output>
          </reporter-output>
        </test-method> <!-- describeTest -->
        <test-method signature="livingZoneTest()[pri:0, instance:animalTest.bird.anseriforme.EiderDuckTest@e7edb54]" started-at="2022-06-13T17:29:40 MSK" name="livingZoneTest" finished-at="2022-06-13T17:29:40 MSK" duration-ms="0" status="PASS">
          <reporter-output>
          </reporter-output>
        </test-method> <!-- livingZoneTest -->
        <test-method signature="nameTest()[pri:0, instance:animalTest.bird.anseriforme.EiderDuckTest@e7edb54]" started-at="2022-06-13T17:29:40 MSK" name="nameTest" finished-at="2022-06-13T17:29:40 MSK" duration-ms="0" status="PASS">
          <reporter-output>
          </reporter-output>
        </test-method> <!-- nameTest -->
      </class> <!-- animalTest.bird.anseriforme.EiderDuckTest -->
    </test> <!-- Command line test -->
  </suite> <!-- Command line suite -->
</testng-results>
