<?xml version="1.0" encoding="UTF-8" ?>
<testsuite tests="181" failures="0" name="TestSuite" time="0.041" errors="0" skipped="0">
  <properties>
[...]
</properties>
  <testcase classname="animalHouseTest.AquariumTest" name="areaTest" time="0.003"/>
  <testcase classname="animalHouseTest.AquariumTest" name="climateZoneTest" time="0.011"/>
  <testcase classname="animalHouseTest.AquariumTest" name="nameTest" time="0.001"/>
  <testcase classname="animalHouseTest.AquariumTest" name="typeOfAnimalTest" time="0"/>
  <testcase classname="animalHouseTest.FieldTest" name="climateZoneTest" time="0"/>
  <testcase classname="animalHouseTest.FieldTest" name="typeOfAnimalTest" time="0"/>
  <testcase classname="animalHouseTest.TerrariumTest" name="areaTest" time="0"/>
  <testcase classname="animalHouseTest.TerrariumTest" name="climateZoneTest" time="0"/>
  <testcase classname="animalHouseTest.TerrariumTest" name="nameTest" time="0"/>
  <testcase classname="animalHouseTest.TerrariumTest" name="typeOfAnimalTest" time="0"/>
  <testcase classname="animalTest.ampfibian.tailless.FrogTest" name="ageTest" time="0.001"/>
  <testcase classname="animalTest.ampfibian.tailless.FrogTest" name="climateZoneTest" time="0"/>
  <testcase classname="animalTest.ampfibian.tailless.FrogTest" name="describeTest" time="0.001"/>
  <testcase classname="animalTest.ampfibian.tailless.FrogTest" name="foodTest" time="0"/>
  <testcase classname="animalTest.ampfibian.tailless.FrogTest" name="livingZoneTest" time="0"/>
  <testcase classname="animalTest.ampfibian.tailless.FrogTest" name="nameTest" time="0.001"/>
  <testcase classname="animalTest.arachnid.scorpio.ScorpioItalianTest" name="ageTest" time="0"/>
  <testcase classname="animalTest.arachnid.scorpio.ScorpioItalianTest" name="climateZoneTest" time="0"/>
  <testcase classname="animalTest.arachnid.scorpio.ScorpioItalianTest" name="describeTest" time="0"/>
  <testcase classname="animalTest.arachnid.scorpio.ScorpioItalianTest" name="foodTest" time="0"/>
  <testcase classname="animalTest.arachnid.scorpio.ScorpioItalianTest" name="livingZoneTest" time="0"/>
  <testcase classname="animalTest.arachnid.scorpio.ScorpioItalianTest" name="nameTest" time="0"/>
  <testcase classname="animalTest.arachnid.scorpio.ScorpioMotleyTest" name="ageTest" time="0"/>
  <testcase classname="animalTest.arachnid.scorpio.ScorpioMotleyTest" name="climateZoneTest" time="0"/>
  <testcase classname="animalTest.arachnid.scorpio.ScorpioMotleyTest" name="describeTest" time="0.001"/>
  <testcase classname="animalTest.arachnid.scorpio.ScorpioMotleyTest" name="foodTest" time="0"/>
  <testcase classname="animalTest.arachnid.scorpio.ScorpioMotleyTest" name="livingZoneTest" time="0"/>
  <testcase classname="animalTest.arachnid.scorpio.ScorpioMotleyTest" name="nameTest" time="0"/>
  <testcase classname="animalTest.arachnid.spider.BirdmanTest" name="ageTest" time="0"/>
  <testcase classname="animalTest.arachnid.spider.BirdmanTest" name="climateZoneTest" time="0"/>
  <testcase classname="animalTest.arachnid.spider.BirdmanTest" name="describeTest" time="0"/>
  <testcase classname="animalTest.arachnid.spider.BirdmanTest" name="foodTest" time="0.001"/>
  <testcase classname="animalTest.arachnid.spider.BirdmanTest" name="livingZoneTest" time="0"/>
  <testcase classname="animalTest.arachnid.spider.BirdmanTest" name="nameTest" time="0"/>
  <testcase classname="animalTest.bird.anseriforme.EiderDuckTest" name="ageTest" time="0"/>
  <testcase classname="animalTest.bird.anseriforme.EiderDuckTest" name="climateZoneTest" time="0"/>
  <testcase classname="animalTest.bird.anseriforme.EiderDuckTest" name="describeTest" time="0"/>
  <testcase classname="animalTest.bird.anseriforme.EiderDuckTest" name="foodTest" time="0.001"/>
  <testcase classname="animalTest.bird.anseriforme.EiderDuckTest" name="livingZoneTest" time="0"/>
  <testcase classname="animalTest.bird.anseriforme.EiderDuckTest" name="nameTest" time="0"/>
  <testcase classname="animalTest.bird.anseriforme.GogolTest" name="ageTest" time="0"/>
  <testcase classname="animalTest.bird.anseriforme.GogolTest" name="climateZoneTest" time="0"/>
  <testcase classname="animalTest.bird.anseriforme.GogolTest" name="describeTest" time="0"/>
  <testcase classname="animalTest.bird.anseriforme.GogolTest" name="foodTest" time="0"/>
  <testcase classname="animalTest.bird.anseriforme.GogolTest" name="livingZoneTest" time="0"/>
  <testcase classname="animalTest.bird.anseriforme.GogolTest" name="nameTest" time="0"/>
  <testcase classname="animalTest.bird.finche.BullfinchTest" name="ageTest" time="0"/>
  <testcase classname="animalTest.bird.finche.BullfinchTest" name="climateZoneTest" time="0"/>
  <testcase classname="animalTest.bird.finche.BullfinchTest" name="describeTest" time="0"/>
  <testcase classname="animalTest.bird.finche.BullfinchTest" name="foodTest" time="0"/>
  <testcase classname="animalTest.bird.finche.BullfinchTest" name="livingZoneTest" time="0"/>
  <testcase classname="animalTest.bird.finche.BullfinchTest" name="nameTest" time="0"/>
  <testcase classname="animalTest.bird.ostrichlike.AfricanOstrichTest" name="ageTest" time="0"/>
  <testcase classname="animalTest.bird.ostrichlike.AfricanOstrichTest" name="climateZoneTest" time="0"/>
  <testcase classname="animalTest.bird.ostrichlike.AfricanOstrichTest" name="describeTest" time="0"/>
  <testcase classname="animalTest.bird.ostrichlike.AfricanOstrichTest" name="foodTest" time="0"/>
  <testcase classname="animalTest.bird.ostrichlike.AfricanOstrichTest" name="livingZoneTest" time="0"/>
  <testcase classname="animalTest.bird.ostrichlike.AfricanOstrichTest" name="nameTest" time="0"/>
  <testcase classname="animalTest.bird.penguin.EmperorPenguinTest" name="ageTest" time="0"/>
  <testcase classname="animalTest.bird.penguin.EmperorPenguinTest" name="climateZoneTest" time="0"/>
  <testcase classname="animalTest.bird.penguin.EmperorPenguinTest" name="describeTest" time="0"/>
  <testcase classname="animalTest.bird.penguin.EmperorPenguinTest" name="foodTest" time="0"/>
  <testcase classname="animalTest.bird.penguin.EmperorPenguinTest" name="livingZoneTest" time="0"/>
  <testcase classname="animalTest.bird.penguin.EmperorPenguinTest" name="nameTest" time="0"/>
  <testcase classname="animalTest.bird.penguin.RoyalPenguinTest" name="ageTest" time="0"/>
  <testcase classname="animalTest.bird.penguin.RoyalPenguinTest" name="climateZoneTest" time="0"/>
  <testcase classname="animalTest.bird.penguin.RoyalPenguinTest" name="describeTest" time="0"/>
  <testcase classname="animalTest.bird.penguin.RoyalPenguinTest" name="foodTest" time="0.001"/>
  <testcase classname="animalTest.bird.penguin.RoyalPenguinTest" name="livingZoneTest" time="0"/>
  <testcase classname="animalTest.bird.penguin.RoyalPenguinTest" name="nameTest" time="0"/>
  <testcase classname="animalTest.bird.pigeonlike.VyakhirTest" name="ageTest" time="0.001"/>
  <testcase classname="animalTest.bird.pigeonlike.VyakhirTest" name="climateZoneTest" time="0"/>
  <testcase classname="animalTest.bird.pigeonlike.VyakhirTest" name="describeTest" time="0"/>
  <testcase classname="animalTest.bird.pigeonlike.VyakhirTest" name="foodTest" time="0"/>
  <testcase classname="animalTest.bird.pigeonlike.VyakhirTest" name="livingZoneTest" time="0"/>
  <testcase classname="animalTest.bird.pigeonlike.VyakhirTest" name="nameTest" time="0"/>
  <testcase classname="animalTest.crustacean.highercancers.CrabTest" name="ageTest" time="0"/>
  <testcase classname="animalTest.crustacean.highercancers.CrabTest" name="climateZoneTest" time="0"/>
  <testcase classname="animalTest.crustacean.highercancers.CrabTest" name="describeTest" time="0"/>
  <testcase classname="animalTest.crustacean.highercancers.CrabTest" name="foodTest" time="0"/>
  <testcase classname="animalTest.crustacean.highercancers.CrabTest" name="livingZoneTest" time="0"/>
  <testcase classname="animalTest.crustacean.highercancers.CrabTest" name="nameTest" time="0"/>
  <testcase classname="animalTest.crustacean.highercancers.ShrimpTest" name="ageTest" time="0"/>
  <testcase classname="animalTest.crustacean.highercancers.ShrimpTest" name="climateZoneTest" time="0"/>
  <testcase classname="animalTest.crustacean.highercancers.ShrimpTest" name="describeTest" time="0"/>
  <testcase classname="animalTest.crustacean.highercancers.ShrimpTest" name="foodTest" time="0"/>
  <testcase classname="animalTest.crustacean.highercancers.ShrimpTest" name="livingZoneTest" time="0.001"/>
  <testcase classname="animalTest.crustacean.highercancers.ShrimpTest" name="nameTest" time="0"/>
  <testcase classname="animalTest.fish.carp.BreamTest" name="ageTest" time="0.001"/>
  <testcase classname="animalTest.fish.carp.BreamTest" name="climateZoneTest" time="0"/>
  <testcase classname="animalTest.fish.carp.BreamTest" name="describeTest" time="0.001"/>
  <testcase classname="animalTest.fish.carp.BreamTest" name="foodTest" time="0"/>
  <testcase classname="animalTest.fish.carp.BreamTest" name="livingZoneTest" time="0"/>
  <testcase classname="animalTest.fish.carp.BreamTest" name="nameTest" time="0"/>
  <testcase classname="animalTest.fish.carp.VoblaTest" name="ageTest" time="0"/>
  <testcase classname="animalTest.fish.carp.VoblaTest" name="climateZoneTest" time="0.001"/>
  <testcase classname="animalTest.fish.carp.VoblaTest" name="describeTest" time="0"/>
  <testcase classname="animalTest.fish.carp.VoblaTest" name="foodTest" time="0"/>
  <testcase classname="animalTest.fish.carp.VoblaTest" name="livingZoneTest" time="0"/>
  <testcase classname="animalTest.fish.carp.VoblaTest" name="nameTest" time="0.001"/>
  <testcase classname="animalTest.fish.sturgeon.BelugaTest" name="ageTest" time="0"/>
  <testcase classname="animalTest.fish.sturgeon.BelugaTest" name="climateZoneTest" time="0"/>
  <testcase classname="animalTest.fish.sturgeon.BelugaTest" name="describeTest" time="0"/>
  <testcase classname="animalTest.fish.sturgeon.BelugaTest" name="foodTest" time="0"/>
  <testcase classname="animalTest.fish.sturgeon.BelugaTest" name="livingZoneTest" time="0"/>
  <testcase classname="animalTest.fish.sturgeon.BelugaTest" name="nameTest" time="0"/>
  <testcase classname="animalTest.fish.sturgeon.SterletTest" name="ageTest" time="0.001"/>
  <testcase classname="animalTest.fish.sturgeon.SterletTest" name="climateZoneTest" time="0"/>
  <testcase classname="animalTest.fish.sturgeon.SterletTest" name="describeTest" time="0"/>
  <testcase classname="animalTest.fish.sturgeon.SterletTest" name="foodTest" time="0"/>
  <testcase classname="animalTest.fish.sturgeon.SterletTest" name="livingZoneTest" time="0.001"/>
  <testcase classname="animalTest.fish.sturgeon.SterletTest" name="nameTest" time="0"/>
  <testcase classname="animalTest.insect.coleoptera.StagBeetleTest" name="ageTest" time="0"/>
  <testcase classname="animalTest.insect.coleoptera.StagBeetleTest" name="climateZoneTest" time="0"/>
  <testcase classname="animalTest.insect.coleoptera.StagBeetleTest" name="describeTest" time="0"/>
  <testcase classname="animalTest.insect.coleoptera.StagBeetleTest" name="foodTest" time="0"/>
  <testcase classname="animalTest.insect.coleoptera.StagBeetleTest" name="livingZoneTest" time="0"/>
  <testcase classname="animalTest.insect.coleoptera.StagBeetleTest" name="nameTest" time="0"/>
  <testcase classname="animalTest.mammal.predator.LionTest" name="ageTest" time="0"/>
  <testcase classname="animalTest.mammal.predator.WolfTest" name="ageTest" time="0"/>
  <testcase classname="animalTest.mammal.predator.WolfTest" name="climateZoneTest" time="0"/>
  <testcase classname="animalTest.mammal.predator.WolfTest" name="describeTest" time="0"/>
  <testcase classname="animalTest.mammal.predator.WolfTest" name="foodTest" time="0"/>
  <testcase classname="animalTest.mammal.predator.WolfTest" name="livingZoneTest" time="0"/>
  <testcase classname="animalTest.mammal.predator.WolfTest" name="nameTest" time="0"/>
  <testcase classname="animalTest.mammal.primate.ChimpanzeeTest" name="ageTest" time="0"/>
  <testcase classname="animalTest.mammal.primate.ChimpanzeeTest" name="climateZoneTest" time="0"/>
  <testcase classname="animalTest.mammal.primate.ChimpanzeeTest" name="describeTest" time="0"/>
  <testcase classname="animalTest.mammal.primate.ChimpanzeeTest" name="foodTest" time="0"/>
  <testcase classname="animalTest.mammal.primate.ChimpanzeeTest" name="livingZoneTest" time="0"/>
  <testcase classname="animalTest.mammal.primate.ChimpanzeeTest" name="nameTest" time="0"/>
  <testcase classname="animalTest.mammal.primate.MonkeyTest" name="ageTest" time="0.001"/>
  <testcase classname="animalTest.mammal.primate.MonkeyTest" name="climateZoneTest" time="0"/>
  <testcase classname="animalTest.mammal.primate.MonkeyTest" name="describeTest" time="0"/>
  <testcase classname="animalTest.mammal.primate.MonkeyTest" name="foodTest" time="0.001"/>
  <testcase classname="animalTest.mammal.primate.MonkeyTest" name="livingZoneTest" time="0"/>
  <testcase classname="animalTest.mammal.primate.MonkeyTest" name="nameTest" time="0"/>
  <testcase classname="animalTest.mammal.rodent.SquirrelTest" name="ageTest" time="0"/>
  <testcase classname="animalTest.mammal.rodent.SquirrelTest" name="climateZoneTest" time="0"/>
  <testcase classname="animalTest.mammal.rodent.SquirrelTest" name="describeTest" time="0"/>
  <testcase classname="animalTest.mammal.rodent.SquirrelTest" name="foodTest" time="0"/>
  <testcase classname="animalTest.mammal.rodent.SquirrelTest" name="livingZoneTest" time="0"/>
  <testcase classname="animalTest.mammal.rodent.SquirrelTest" name="nameTest" time="0"/>
  <testcase classname="animalTest.reptile.scaled.ChameleonTest" name="ageTest" time="0"/>
  <testcase classname="animalTest.reptile.scaled.ChameleonTest" name="climateZoneTest" time="0"/>
  <testcase classname="animalTest.reptile.scaled.ChameleonTest" name="describeTest" time="0"/>
  <testcase classname="animalTest.reptile.scaled.ChameleonTest" name="foodTest" time="0"/>
  <testcase classname="animalTest.reptile.scaled.ChameleonTest" name="livingZoneTest" time="0"/>
  <testcase classname="animalTest.reptile.scaled.ChameleonTest" name="nameTest" time="0.001"/>
  <testcase classname="animalTest.reptile.scaled.PythonTest" name="ageTest" time="0"/>
  <testcase classname="animalTest.reptile.scaled.PythonTest" name="climateZoneTest" time="0"/>
  <testcase classname="animalTest.reptile.scaled.PythonTest" name="describeTest" time="0"/>
  <testcase classname="animalTest.reptile.scaled.PythonTest" name="foodTest" time="0"/>
  <testcase classname="animalTest.reptile.scaled.PythonTest" name="livingZoneTest" time="0"/>
  <testcase classname="animalTest.reptile.scaled.PythonTest" name="nameTest" time="0.003"/>
  <testcase classname="financeTest.expenses.BuyFoodTest" name="costTest" time="0"/>
  <testcase classname="financeTest.expenses.BuyFoodTest" name="countTest" time="0"/>
  <testcase classname="financeTest.expenses.BuyFoodTest" name="describeTest" time="0"/>
  <testcase classname="financeTest.expenses.BuyFoodTest" name="pricePerEachTest" time="0"/>
  <testcase classname="financeTest.expenses.BuyFoodTest" name="typeOfFoodTest" time="0.001"/>
  <testcase classname="financeTest.expenses.MaintenanceTest" name="costTest" time="0"/>
  <testcase classname="financeTest.expenses.MaintenanceTest" name="describeTest" time="0"/>
  <testcase classname="financeTest.expenses.MaintenanceTest" name="maintenanceCageTest" time="0"/>
  <testcase classname="financeTest.expenses.SalaryTest" name="costTest" time="0"/>
  <testcase classname="financeTest.expenses.SalaryTest" name="describeTest" time="0.001"/>
  <testcase classname="financeTest.income.DonationTest" name="costTest" time="0"/>
  <testcase classname="financeTest.income.DonationTest" name="describeTest" time="0"/>
  <testcase classname="financeTest.income.StateSupportTest" name="costTest" time="0"/>
  <testcase classname="financeTest.income.StateSupportTest" name="describeTest" time="0"/>
  <testcase classname="financeTest.income.TicketTest" name="costTest" time="0"/>
  <testcase classname="financeTest.income.TicketTest" name="describeTest" time="0.001"/>
  <testcase classname="Test" name="AnimalTest" time="0"/>
  <testcase classname="zooTest.ZooTest" name="addressTest" time="0"/>
  <testcase classname="zooTest.ZooTest" name="animalHouseTest" time="0.001"/>
  <testcase classname="zooTest.ZooTest" name="budgetTest" time="0"/>
  <testcase classname="zooTest.ZooTest" name="describeTest" time="0"/>
  <testcase classname="zooTest.ZooTest" name="financeTest" time="0"/>
  <testcase classname="zooTest.ZooTest" name="foodTest" time="0"/>
  <testcase classname="zooTest.ZooTest" name="idTest" time="0.001"/>
  <testcase classname="zooTest.ZooTest" name="nameTest" time="0"/>
  <testcase classname="zooTest.ZooTest" name="testContactInfo" time="0"/>
</testsuite>